#
# A fatal error has been detected by the Java Runtime Environment:
#
#  SIGSEGV (0xb) at pc=0x621ef910, pid=16933, tid=1689606976
#
# JRE version: 7.0_21-b11
# Java VM: Java HotSpot(TM) Server VM (23.21-b01 mixed mode linux-x86 )
# Problematic frame:
# C  0x621ef910
#
# Failed to write core dump. Core dumps have been disabled. To enable core dumping, try "ulimit -c unlimited" before starting Java again
#
# If you would like to submit a bug report, please visit:
#   http://bugreport.sun.com/bugreport/crash.jsp
# The crash happened outside the Java Virtual Machine in native code.
# See problematic frame for where to report the bug.
#

---------------  T H R E A D  ---------------

Current thread (0x6a0a7000):  JavaThread "LWJGL Application" [_thread_in_native, id=16961, stack(0x64b05000,0x64b56000)]

siginfo:si_signo=SIGSEGV: si_errno=0, si_code=2 (SEGV_ACCERR), si_addr=0x621ef910

Registers:
EAX=0x621ef918, EBX=0x6ac7dff4, ECX=0x6b200040, EDX=0x61800018
ESP=0x64b5491c, EBP=0x64b549a4, ESI=0x618b5630, EDI=0x618b8ef8
EIP=0x621ef910, EFLAGS=0x00210212, CR2=0x621ef910

Top of Stack: (sp=0x64b5491c)
0x64b5491c:   6ac44876 621ef918 61800018 00000000
0x64b5492c:   00000000 b71412e8 621f2b10 64b549cf
0x64b5493c:   61800018 0002a038 b77a1000 6a3f2340
0x64b5494c:   6ac7dff4 618b5630 61800018 618b8ef8
0x64b5495c:   6ac43358 618b8ef8 61800018 618b5630
0x64b5496c:   64b549a4 00000000 00000011 6a800e7c
0x64b5497c:   6ac7dff4 6fe02490 6a0a7000 64b54a38
0x64b5498c:   6ac43465 618b5630 64b549a4 6a0a6c00 

Instructions: (pc=0x621ef910)
0x621ef8f0:   79 73 69 63 73 5f 62 6f 78 32 64 5f 42 6f 64 79
0x621ef900:   5f 6a 6e 69 43 72 65 61 74 65 46 69 78 74 75 72
0x621ef910:   65 00 74 61 f1 00 00 00 40 00 20 6b 40 00 20 6b
0x621ef920:   64 20 73 79 6d 62 6f 6c 3a 20 4a 61 76 61 5f 63 

Register to memory mapping:

EAX=0x621ef918 is an unknown value
EBX=0x6ac7dff4: <offset 0x6cff4> in /tmp/libgdxfabien/4088972827/libgdx.so at 0x6ac11000
ECX=0x6b200040 is an unknown value
EDX=0x61800018 is an unknown value
ESP=0x64b5491c is pointing into the stack for thread: 0x6a0a7000
EBP=0x64b549a4 is pointing into the stack for thread: 0x6a0a7000
ESI=0x618b5630 is an unknown value
EDI=0x618b8ef8 is an unknown value


Stack: [0x64b05000,0x64b56000],  sp=0x64b5491c,  free space=318k
Native frames: (J=compiled Java code, j=interpreted, Vv=VM code, C=native code)
C  0x621ef910

Java frames: (J=compiled Java code, j=interpreted, Vv=VM code)
j  com.badlogic.gdx.physics.box2d.Body.jniCreateFixture(JJF)J+0
j  com.badlogic.gdx.physics.box2d.Body.createFixture(Lcom/badlogic/gdx/physics/box2d/Shape;F)Lcom/badlogic/gdx/physics/box2d/Fixture;+10
j  com.pokware.jb.objects.GameObject.createFixtures(Lcom/badlogic/gdx/physics/box2d/Body;FF)V+37
j  com.pokware.jb.objects.GameObject.init(Lcom/pokware/jb/Level;FFIILcom/pokware/jb/objects/CollisionCategory;FFZ)V+95
j  com.pokware.jb.objects.GameObject.<init>(Lcom/pokware/jb/Level;FFLcom/pokware/jb/objects/CollisionCategory;Z)V+54
j  com.pokware.jb.objects.Jack.<init>(Lcom/pokware/jb/Level;FF)V+8
j  com.pokware.jb.objects.LevelObjectManager.populateLevel()V+29
j  com.pokware.jb.Level.<init>(Ljava/lang/String;F)V+267
j  com.pokware.jb.JackBenoitApplication.create()V+15
j  com.badlogic.gdx.backends.lwjgl.LwjglApplication.mainLoop()V+24
j  com.badlogic.gdx.backends.lwjgl.LwjglApplication$1.run()V+27
v  ~StubRoutines::call_stub

---------------  P R O C E S S  ---------------

Java Threads: ( => current thread )
  0x6b200c00 JavaThread "process reaper" daemon [_thread_blocked, id=16963, stack(0x6b411000,0x6b422000)]
  0xb6706800 JavaThread "DestroyJavaVM" [_thread_blocked, id=16935, stack(0xb68bb000,0xb690c000)]
=>0x6a0a7000 JavaThread "LWJGL Application" [_thread_in_native, id=16961, stack(0x64b05000,0x64b56000)]
  0x6a038800 JavaThread "AWT-XAWT" daemon [_thread_in_native, id=16957, stack(0x6a92e000,0x6a97f000)]
  0x6a334800 JavaThread "Java2D Disposer" daemon [_thread_blocked, id=16956, stack(0x6e42e000,0x6e47f000)]
  0x6b1d8c00 JavaThread "Service Thread" daemon [_thread_blocked, id=16954, stack(0x6e82e000,0x6e87f000)]
  0x6b1d7000 JavaThread "C2 CompilerThread1" daemon [_thread_blocked, id=16953, stack(0x6a97f000,0x6aa00000)]
  0x6b1d5000 JavaThread "C2 CompilerThread0" daemon [_thread_blocked, id=16952, stack(0x6ac7f000,0x6ad00000)]
  0x6b1d3400 JavaThread "Signal Dispatcher" daemon [_thread_blocked, id=16951, stack(0x6ea2e000,0x6ea7f000)]
  0x6b198000 JavaThread "Finalizer" daemon [_thread_blocked, id=16950, stack(0x6ec2e000,0x6ec7f000)]
  0x6b196000 JavaThread "Reference Handler" daemon [_thread_blocked, id=16949, stack(0x6ee2e000,0x6ee7f000)]

Other Threads:
  0x6b190800 VMThread [stack: 0x6b422000,0x6b4a3000] [id=16948]
  0x6b1e2c00 WatcherThread [stack: 0x6a77f000,0x6a800000] [id=16955]

VM state:not at safepoint (normal execution)

VM Mutex/Monitor currently owned by a thread: None

Heap
 PSYoungGen      total 18752K, used 4691K [0x9e0f0000, 0x9fa20000, 0xb3640000)
  eden space 16064K, 14% used [0x9e0f0000,0x9e336320,0x9f0a0000)
  from space 2688K, 87% used [0x9f100000,0x9f34e9b0,0x9f3a0000)
  to   space 4864K, 0% used [0x9f560000,0x9f560000,0x9fa20000)
 ParOldGen       total 43712K, used 2013K [0x73640000, 0x760f0000, 0x9e0f0000)
  object space 43712K, 4% used [0x73640000,0x738374c0,0x760f0000)
 PSPermGen       total 16384K, used 7993K [0x6f640000, 0x70640000, 0x73640000)
  object space 16384K, 48% used [0x6f640000,0x6fe0e558,0x70640000)

Card table byte_map: [0x6f41f000,0x6f640000] byte_map_base: 0x6f0a3e00

Polling page: 0xb7770000

Code Cache  [0xb3700000, 0xb3940000, 0xb6700000)
 total_blobs=506 nmethods=208 adapters=250 free_code_cache=48330Kb largest_free_block=49446400

Compilation events (10 events):
Event: 2,944 Thread 0x6b1d7000 nmethod 206 0xb37d5088 code [0xb37d5180, 0xb37d51d0]
Event: 2,944 Thread 0x6b1d7000  208             java.util.ArrayList$Itr::hasNext (20 bytes)
Event: 2,945 Thread 0x6b1d7000 nmethod 208 0xb37d4e88 code [0xb37d4f80, 0xb37d4ff0]
Event: 2,945 Thread 0x6b1d7000  209             com.badlogic.gdx.graphics.g2d.tiled.TiledMap::getTileProperty (55 bytes)
Event: 2,945 Thread 0x6b1d5000 nmethod 207 0xb37d4508 code [0xb37d4600, 0xb37d46d0]
Event: 2,956 Thread 0x6b1d7000 nmethod 209 0xb379edc8 code [0xb379ef40, 0xb379f584]
Event: 2,965 Thread 0x6b1d5000  210             java.util.ArrayList$Itr::<init> (6 bytes)
Event: 2,965 Thread 0x6b1d7000  211             java.util.ArrayList$Itr::<init> (26 bytes)
Event: 2,965 Thread 0x6b1d7000 nmethod 211 0xb37d4308 code [0xb37d4400, 0xb37d4470]
Event: 2,966 Thread 0x6b1d5000 nmethod 210 0xb37d4108 code [0xb37d4200, 0xb37d4270]

GC Heap History (10 events):
Event: 0,734 GC heap before
{Heap before GC invocations=1 (full 0):
 PSYoungGen      total 19136K, used 16448K [0x9e0f0000, 0x9f640000, 0xb3640000)
  eden space 16448K, 100% used [0x9e0f0000,0x9f100000,0x9f100000)
  from space 2688K, 0% used [0x9f3a0000,0x9f3a0000,0x9f640000)
  to   space 2688K, 0% used [0x9f100000,0x9f100000,0x9f3a0000)
 ParOldGen       total 43712K, used 0K [0x73640000, 0x760f0000, 0x9e0f0000)
  object space 43712K, 0% used [0x73640000,0x73640000,0x760f0000)
 PSPermGen       total 16384K, used 5504K [0x6f640000, 0x70640000, 0x73640000)
  object space 16384K, 33% used [0x6f640000,0x6fba03f0,0x70640000)
Event: 0,738 GC heap after
Heap after GC invocations=1 (full 0):
 PSYoungGen      total 19136K, used 2684K [0x9e0f0000, 0x9f640000, 0xb3640000)
  eden space 16448K, 0% used [0x9e0f0000,0x9e0f0000,0x9f100000)
  from space 2688K, 99% used [0x9f100000,0x9f39f100,0x9f3a0000)
  to   space 2688K, 0% used [0x9f3a0000,0x9f3a0000,0x9f640000)
 ParOldGen       total 43712K, used 1997K [0x73640000, 0x760f0000, 0x9e0f0000)
  object space 43712K, 4% used [0x73640000,0x738334c0,0x760f0000)
 PSPermGen       total 16384K, used 5504K [0x6f640000, 0x70640000, 0x73640000)
  object space 16384K, 33% used [0x6f640000,0x6fba03f0,0x70640000)
}
Event: 1,269 GC heap before
{Heap before GC invocations=2 (full 0):
 PSYoungGen      total 19136K, used 19132K [0x9e0f0000, 0x9f640000, 0xb3640000)
  eden space 16448K, 100% used [0x9e0f0000,0x9f100000,0x9f100000)
  from space 2688K, 99% used [0x9f100000,0x9f39f100,0x9f3a0000)
  to   space 2688K, 0% used [0x9f3a0000,0x9f3a0000,0x9f640000)
 ParOldGen       total 43712K, used 1997K [0x73640000, 0x760f0000, 0x9e0f0000)
  object space 43712K, 4% used [0x73640000,0x738334c0,0x760f0000)
 PSPermGen       total 16384K, used 5522K [0x6f640000, 0x70640000, 0x73640000)
  object space 16384K, 33% used [0x6f640000,0x6fba4af0,0x70640000)
Event: 1,270 GC heap after
Heap after GC invocations=2 (full 0):
 PSYoungGen      total 19136K, used 384K [0x9e0f0000, 0x9f640000, 0xb3640000)
  eden space 16448K, 0% used [0x9e0f0000,0x9e0f0000,0x9f100000)
  from space 2688K, 14% used [0x9f3a0000,0x9f400070,0x9f640000)
  to   space 2688K, 0% used [0x9f100000,0x9f100000,0x9f3a0000)
 ParOldGen       total 43712K, used 2001K [0x73640000, 0x760f0000, 0x9e0f0000)
  object space 43712K, 4% used [0x73640000,0x738344c0,0x760f0000)
 PSPermGen       total 16384K, used 5522K [0x6f640000, 0x70640000, 0x73640000)
  object space 16384K, 33% used [0x6f640000,0x6fba4af0,0x70640000)
}
Event: 1,753 GC heap before
{Heap before GC invocations=3 (full 0):
 PSYoungGen      total 19136K, used 16832K [0x9e0f0000, 0x9f640000, 0xb3640000)
  eden space 16448K, 100% used [0x9e0f0000,0x9f100000,0x9f100000)
  from space 2688K, 14% used [0x9f3a0000,0x9f400070,0x9f640000)
  to   space 2688K, 0% used [0x9f100000,0x9f100000,0x9f3a0000)
 ParOldGen       total 43712K, used 2001K [0x73640000, 0x760f0000, 0x9e0f0000)
  object space 43712K, 4% used [0x73640000,0x738344c0,0x760f0000)
 PSPermGen       total 16384K, used 5531K [0x6f640000, 0x70640000, 0x73640000)
  object space 16384K, 33% used [0x6f640000,0x6fba6f40,0x70640000)
Event: 1,755 GC heap after
Heap after GC invocations=3 (full 0):
 PSYoungGen      total 19136K, used 424K [0x9e0f0000, 0x9f640000, 0xb3640000)
  eden space 16448K, 0% used [0x9e0f0000,0x9e0f0000,0x9f100000)
  from space 2688K, 15% used [0x9f100000,0x9f16a060,0x9f3a0000)
  to   space 2688K, 0% used [0x9f3a0000,0x9f3a0000,0x9f640000)
 ParOldGen       total 43712K, used 2005K [0x73640000, 0x760f0000, 0x9e0f0000)
  object space 43712K, 4% used [0x73640000,0x738354c0,0x760f0000)
 PSPermGen       total 16384K, used 5531K [0x6f640000, 0x70640000, 0x73640000)
  object space 16384K, 33% used [0x6f640000,0x6fba6f40,0x70640000)
}
Event: 2,161 GC heap before
{Heap before GC invocations=4 (full 0):
 PSYoungGen      total 19136K, used 16872K [0x9e0f0000, 0x9f640000, 0xb3640000)
  eden space 16448K, 100% used [0x9e0f0000,0x9f100000,0x9f100000)
  from space 2688K, 15% used [0x9f100000,0x9f16a060,0x9f3a0000)
  to   space 2688K, 0% used [0x9f3a0000,0x9f3a0000,0x9f640000)
 ParOldGen       total 43712K, used 2005K [0x73640000, 0x760f0000, 0x9e0f0000)
  object space 43712K, 4% used [0x73640000,0x738354c0,0x760f0000)
 PSPermGen       total 16384K, used 5550K [0x6f640000, 0x70640000, 0x73640000)
  object space 16384K, 33% used [0x6f640000,0x6fbaba28,0x70640000)
Event: 2,163 GC heap after
Heap after GC invocations=4 (full 0):
 PSYoungGen      total 19136K, used 424K [0x9e0f0000, 0x9f640000, 0xb3640000)
  eden space 16448K, 0% used [0x9e0f0000,0x9e0f0000,0x9f100000)
  from space 2688K, 15% used [0x9f3a0000,0x9f40a060,0x9f640000)
  to   space 2688K, 0% used [0x9f100000,0x9f100000,0x9f3a0000)
 ParOldGen       total 43712K, used 2009K [0x73640000, 0x760f0000, 0x9e0f0000)
  object space 43712K, 4% used [0x73640000,0x738364c0,0x760f0000)
 PSPermGen       total 16384K, used 5550K [0x6f640000, 0x70640000, 0x73640000)
  object space 16384K, 33% used [0x6f640000,0x6fbaba28,0x70640000)
}
Event: 2,845 GC heap before
{Heap before GC invocations=5 (full 0):
 PSYoungGen      total 19136K, used 16872K [0x9e0f0000, 0x9f640000, 0xb3640000)
  eden space 16448K, 100% used [0x9e0f0000,0x9f100000,0x9f100000)
  from space 2688K, 15% used [0x9f3a0000,0x9f40a060,0x9f640000)
  to   space 2688K, 0% used [0x9f100000,0x9f100000,0x9f3a0000)
 ParOldGen       total 43712K, used 2009K [0x73640000, 0x760f0000, 0x9e0f0000)
  object space 43712K, 4% used [0x73640000,0x738364c0,0x760f0000)
 PSPermGen       total 16384K, used 7826K [0x6f640000, 0x70640000, 0x73640000)
  object space 16384K, 47% used [0x6f640000,0x6fde49c0,0x70640000)
Event: 2,848 GC heap after
Heap after GC invocations=5 (full 0):
 PSYoungGen      total 18752K, used 2362K [0x9e0f0000, 0x9fa20000, 0xb3640000)
  eden space 16064K, 0% used [0x9e0f0000,0x9e0f0000,0x9f0a0000)
  from space 2688K, 87% used [0x9f100000,0x9f34e9b0,0x9f3a0000)
  to   space 4864K, 0% used [0x9f560000,0x9f560000,0x9fa20000)
 ParOldGen       total 43712K, used 2013K [0x73640000, 0x760f0000, 0x9e0f0000)
  object space 43712K, 4% used [0x73640000,0x738374c0,0x760f0000)
 PSPermGen       total 16384K, used 7826K [0x6f640000, 0x70640000, 0x73640000)
  object space 16384K, 47% used [0x6f640000,0x6fde49c0,0x70640000)
}

Deoptimization events (10 events):
Event: 1,189 Thread 0xb6706800 Uncommon trap -12 fr.pc 0xb37a22e4
Event: 1,989 Thread 0xb6706800 Uncommon trap -34 fr.pc 0xb375ba74
Event: 2,330 Thread 0xb6706800 Uncommon trap -34 fr.pc 0xb37767fc
Event: 2,330 Thread 0xb6706800 Uncommon trap -34 fr.pc 0xb37767fc
Event: 2,330 Thread 0xb6706800 Uncommon trap -34 fr.pc 0xb37767fc
Event: 2,330 Thread 0xb6706800 Uncommon trap -34 fr.pc 0xb37767fc
Event: 2,331 Thread 0xb6706800 Uncommon trap -34 fr.pc 0xb3783588
Event: 2,427 Thread 0x6a0a7000 Uncommon trap -83 fr.pc 0xb375af40
Event: 2,718 Thread 0x6a0a7000 Uncommon trap -83 fr.pc 0xb375bae0
Event: 2,724 Thread 0x6a0a7000 Uncommon trap -83 fr.pc 0xb3770b04

Internal exceptions (10 events):
Event: 2,958 Thread 0x6a0a7000 Threw 0x9e25f210 at /HUDSON/workspace/jdk7u21-2-build-linux-i586-product/jdk7u21/hotspot/src/share/vm/prims/jvm.cpp:1166
Event: 2,959 Thread 0x6a0a7000 Threw 0x9e26af60 at /HUDSON/workspace/jdk7u21-2-build-linux-i586-product/jdk7u21/hotspot/src/share/vm/prims/jvm.cpp:1166
Event: 2,959 Thread 0x6a0a7000 Threw 0x9e26eea8 at /HUDSON/workspace/jdk7u21-2-build-linux-i586-product/jdk7u21/hotspot/src/share/vm/prims/jvm.cpp:1166
Event: 2,960 Thread 0x6a0a7000 Threw 0x9e271f80 at /HUDSON/workspace/jdk7u21-2-build-linux-i586-product/jdk7u21/hotspot/src/share/vm/prims/jvm.cpp:1166
Event: 2,960 Thread 0x6a0a7000 Threw 0x9e275240 at /HUDSON/workspace/jdk7u21-2-build-linux-i586-product/jdk7u21/hotspot/src/share/vm/prims/jvm.cpp:1166
Event: 2,960 Thread 0x6a0a7000 Threw 0x9e278318 at /HUDSON/workspace/jdk7u21-2-build-linux-i586-product/jdk7u21/hotspot/src/share/vm/prims/jvm.cpp:1166
Event: 2,961 Thread 0x6a0a7000 Threw 0x9e27b380 at /HUDSON/workspace/jdk7u21-2-build-linux-i586-product/jdk7u21/hotspot/src/share/vm/prims/jvm.cpp:1166
Event: 2,961 Thread 0x6a0a7000 Threw 0x9e282a78 at /HUDSON/workspace/jdk7u21-2-build-linux-i586-product/jdk7u21/hotspot/src/share/vm/prims/jvm.cpp:1166
Event: 2,961 Thread 0x6a0a7000 Threw 0x9e284e10 at /HUDSON/workspace/jdk7u21-2-build-linux-i586-product/jdk7u21/hotspot/src/share/vm/prims/jvm.cpp:1166
Event: 2,968 Thread 0x6a0a7000 Threw 0x9e329ca8 at /HUDSON/workspace/jdk7u21-2-build-linux-i586-product/jdk7u21/hotspot/src/share/vm/prims/jvm.cpp:1166

Events (10 events):
Event: 2,961 loading class 0x621f4220
Event: 2,961 loading class 0x621f4220 done
Event: 2,961 loading class 0x621dd708
Event: 2,961 loading class 0x621dd708 done
Event: 2,961 loading class 0x621dd748
Event: 2,961 loading class 0x621dd748 done
Event: 2,965 loading class 0x6b19a2d8
Event: 2,965 loading class 0x6b19a2d8 done
Event: 2,968 loading class 0x6218fe68
Event: 2,968 loading class 0x6218fe68 done


Dynamic libraries:
08048000-08049000 r-xp 00000000 08:11 2496233    /usr/lib/jvm/jdk1.7.0_21/bin/java
08049000-0804a000 rw-p 00000000 08:11 2496233    /usr/lib/jvm/jdk1.7.0_21/bin/java
0974d000-097af000 rw-p 00000000 00:00 0          [heap]
61800000-618e3000 rw-p 00000000 00:00 0 
618e3000-61900000 ---p 00000000 00:00 0 
61979000-61a79000 rw-s 126e6d000 00:05 1197      /dev/dri/card0
61a79000-61b79000 rw-s 126d5a000 00:05 1197      /dev/dri/card0
61bfa000-61c7a000 rw-s 10d95e000 00:05 1197      /dev/dri/card0
61c7a000-62100000 rw-p 00000000 00:00 0 
62100000-621fe000 rw-p 00000000 00:00 0 
621fe000-62200000 ---p 00000000 00:00 0 
62200000-62300000 rw-s 126b01000 00:05 1197      /dev/dri/card0
62300000-623fb000 rw-p 00000000 00:00 0 
623fb000-62400000 ---p 00000000 00:00 0 
6243a000-624b6000 rw-p 00000000 00:00 0 
624b6000-624d6000 rw-s 10d5fe000 00:05 1197      /dev/dri/card0
624d6000-62508000 r-xp 00000000 08:11 2365410    /usr/lib/i386-linux-gnu/libtxc_dxtn_s2tc.so.0.0.0
62508000-62509000 r--p 00031000 08:11 2365410    /usr/lib/i386-linux-gnu/libtxc_dxtn_s2tc.so.0.0.0
62509000-6250a000 rw-p 00032000 08:11 2365410    /usr/lib/i386-linux-gnu/libtxc_dxtn_s2tc.so.0.0.0
6250a000-6250b000 ---p 00000000 00:00 0 
6250b000-62d0b000 rw-p 00000000 00:00 0          [stack:16965]
62d0b000-641b8000 r-xp 00000000 08:11 2364517    /usr/lib/i386-linux-gnu/libLLVM-3.2.so.1
641b8000-64265000 r--p 014ad000 08:11 2364517    /usr/lib/i386-linux-gnu/libLLVM-3.2.so.1
64265000-64268000 rw-p 0155a000 08:11 2364517    /usr/lib/i386-linux-gnu/libLLVM-3.2.so.1
64268000-64272000 rw-p 00000000 00:00 0 
64272000-64297000 r-xp 00000000 08:11 263001     /lib/i386-linux-gnu/libexpat.so.1.6.0
64297000-64299000 r--p 00025000 08:11 263001     /lib/i386-linux-gnu/libexpat.so.1.6.0
64299000-6429a000 rw-p 00027000 08:11 263001     /lib/i386-linux-gnu/libexpat.so.1.6.0
6429a000-644a7000 r-xp 00000000 08:11 2364801    /usr/lib/i386-linux-gnu/libgallium.so.0.0.0
644a7000-644b0000 r--p 0020c000 08:11 2364801    /usr/lib/i386-linux-gnu/libgallium.so.0.0.0
644b0000-644b1000 rw-p 00215000 08:11 2364801    /usr/lib/i386-linux-gnu/libgallium.so.0.0.0
644b1000-64679000 rw-p 00000000 00:00 0 
64679000-64a10000 r-xp 00000000 08:11 2368740    /usr/lib/i386-linux-gnu/libdricore9.1.7.so.1.0.0
64a10000-64a11000 ---p 00397000 08:11 2368740    /usr/lib/i386-linux-gnu/libdricore9.1.7.so.1.0.0
64a11000-64a1a000 r--p 00397000 08:11 2368740    /usr/lib/i386-linux-gnu/libdricore9.1.7.so.1.0.0
64a1a000-64a1f000 rw-p 003a0000 08:11 2368740    /usr/lib/i386-linux-gnu/libdricore9.1.7.so.1.0.0
64a1f000-64a34000 rw-p 00000000 00:00 0 
64a34000-64aa6000 r-xp 00000000 08:11 2368730    /usr/lib/i386-linux-gnu/dri/r600_dri.so
64aa6000-64aa7000 r--p 00071000 08:11 2368730    /usr/lib/i386-linux-gnu/dri/r600_dri.so
64aa7000-64aaa000 rw-p 00072000 08:11 2368730    /usr/lib/i386-linux-gnu/dri/r600_dri.so
64aaa000-64aac000 rw-p 00000000 00:00 0 
64aac000-64afe000 r-xp 00000000 08:11 2361862    /usr/lib/i386-linux-gnu/mesa/libGL.so.1.2.0
64afe000-64b00000 r--p 00051000 08:11 2361862    /usr/lib/i386-linux-gnu/mesa/libGL.so.1.2.0
64b00000-64b04000 rwxp 00053000 08:11 2361862    /usr/lib/i386-linux-gnu/mesa/libGL.so.1.2.0
64b04000-64b05000 rwxp 00000000 00:00 0 
64b05000-64b08000 ---p 00000000 00:00 0 
64b08000-64b56000 rw-p 00000000 00:00 0          [stack:16961]
64b56000-64b57000 ---p 00000000 00:00 0 
64b57000-64c57000 rw-p 00000000 00:00 0          [stack:16960]
64c57000-68c58000 rw-s 00000000 00:13 10759496   /run/shm/pulse-shm-3209263994
68c58000-68c59000 ---p 00000000 00:00 0 
68c59000-69459000 rw-p 00000000 00:00 0          [stack:16959]
69459000-695bf000 r-xp 00000000 08:11 2365442    /usr/lib/i386-linux-gnu/libvorbisenc.so.2.0.8
695bf000-695d0000 r--p 00165000 08:11 2365442    /usr/lib/i386-linux-gnu/libvorbisenc.so.2.0.8
695d0000-695d1000 rw-p 00176000 08:11 2365442    /usr/lib/i386-linux-gnu/libvorbisenc.so.2.0.8
695d1000-6961f000 r-xp 00000000 08:11 2364504    /usr/lib/i386-linux-gnu/libFLAC.so.8.2.0
6961f000-69620000 r--p 0004e000 08:11 2364504    /usr/lib/i386-linux-gnu/libFLAC.so.8.2.0
69620000-69621000 rw-p 0004f000 08:11 2364504    /usr/lib/i386-linux-gnu/libFLAC.so.8.2.0
69621000-6968e000 r-xp 00000000 08:11 2365356    /usr/lib/i386-linux-gnu/libsndfile.so.1.0.25
6968e000-69690000 r--p 0006c000 08:11 2365356    /usr/lib/i386-linux-gnu/libsndfile.so.1.0.25
69690000-69691000 rw-p 0006e000 08:11 2365356    /usr/lib/i386-linux-gnu/libsndfile.so.1.0.25
69691000-69695000 rw-p 00000000 00:00 0 
69695000-696fe000 r-xp 00000000 08:11 2366826    /usr/lib/i386-linux-gnu/pulseaudio/libpulsecommon-3.0.so
696fe000-696ff000 r--p 00068000 08:11 2366826    /usr/lib/i386-linux-gnu/pulseaudio/libpulsecommon-3.0.so
696ff000-69700000 rw-p 00069000 08:11 2366826    /usr/lib/i386-linux-gnu/pulseaudio/libpulsecommon-3.0.so
69700000-697fe000 rw-p 00000000 00:00 0 
697fe000-69800000 ---p 00000000 00:00 0 
6981a000-69862000 r-xp 00000000 08:11 263398     /lib/i386-linux-gnu/libdbus-1.so.3.7.2
69862000-69863000 r--p 00047000 08:11 263398     /lib/i386-linux-gnu/libdbus-1.so.3.7.2
69863000-69864000 rw-p 00048000 08:11 263398     /lib/i386-linux-gnu/libdbus-1.so.3.7.2
69864000-698b0000 r-xp 00000000 08:11 2365289    /usr/lib/i386-linux-gnu/libpulse.so.0.15.3
698b0000-698b1000 ---p 0004c000 08:11 2365289    /usr/lib/i386-linux-gnu/libpulse.so.0.15.3
698b1000-698b2000 r--p 0004c000 08:11 2365289    /usr/lib/i386-linux-gnu/libpulse.so.0.15.3
698b2000-698b3000 rw-p 0004d000 08:11 2365289    /usr/lib/i386-linux-gnu/libpulse.so.0.15.3
698b3000-698fe000 r-xp 00000000 08:11 929649     /tmp/libgdxfabien/2789486150/libopenal.so
698fe000-698ff000 r--p 0004b000 08:11 929649     /tmp/libgdxfabien/2789486150/libopenal.so
698ff000-69900000 rw-p 0004c000 08:11 929649     /tmp/libgdxfabien/2789486150/libopenal.so
69900000-699f9000 rw-p 00000000 00:00 0 
699f9000-69a00000 ---p 00000000 00:00 0 
69a00000-69afb000 rw-p 00000000 00:00 0 
69afb000-69b00000 ---p 00000000 00:00 0 
69b00000-69bea000 rw-p 00000000 00:00 0 
69bea000-69c00000 ---p 00000000 00:00 0 
69c00000-69cc7000 rw-p 00000000 00:00 0 
69cc7000-69d00000 ---p 00000000 00:00 0 
69d00000-69df9000 rw-p 00000000 00:00 0 
69df9000-69e00000 ---p 00000000 00:00 0 
69e17000-69ef3000 r-xp 00000000 08:11 2365378    /usr/lib/i386-linux-gnu/libstdc++.so.6.0.17
69ef3000-69ef4000 ---p 000dc000 08:11 2365378    /usr/lib/i386-linux-gnu/libstdc++.so.6.0.17
69ef4000-69ef8000 r--p 000dc000 08:11 2365378    /usr/lib/i386-linux-gnu/libstdc++.so.6.0.17
69ef8000-69ef9000 rw-p 000e0000 08:11 2365378    /usr/lib/i386-linux-gnu/libstdc++.so.6.0.17
69ef9000-69f00000 rw-p 00000000 00:00 0 
69f00000-69fe9000 rw-p 00000000 00:00 0 
69fe9000-6a000000 ---p 00000000 00:00 0 
6a000000-6a0a8000 rw-p 00000000 00:00 0 
6a0a8000-6a100000 ---p 00000000 00:00 0 
6a100000-6a1db000 rw-p 00000000 00:00 0 
6a1db000-6a200000 ---p 00000000 00:00 0 
6a200000-6a300000 rw-p 00000000 00:00 0 
6a300000-6a3fa000 rw-p 00000000 00:00 0 
6a3fa000-6a400000 ---p 00000000 00:00 0 
6a408000-6a418000 rw-s 10d490000 00:05 1197      /dev/dri/card0
6a418000-6a54b000 r-xp 00000000 08:11 2365483    /usr/lib/i386-linux-gnu/libX11.so.6.3.0
6a54b000-6a54c000 r--p 00132000 08:11 2365483    /usr/lib/i386-linux-gnu/libX11.so.6.3.0
6a54c000-6a54f000 rw-p 00133000 08:11 2365483    /usr/lib/i386-linux-gnu/libX11.so.6.3.0
6a54f000-6a5d5000 r-xp 00000000 08:11 394709     /usr/lib/jvm/jdk1.7.0_21/jre/lib/i386/libawt.so
6a5d5000-6a5dc000 rw-p 00086000 08:11 394709     /usr/lib/jvm/jdk1.7.0_21/jre/lib/i386/libawt.so
6a5dc000-6a600000 rw-p 00000000 00:00 0 
6a600000-6a6ec000 rw-p 00000000 00:00 0 
6a6ec000-6a700000 ---p 00000000 00:00 0 
6a700000-6a708000 rw-s 126e65000 00:05 1197      /dev/dri/card0
6a708000-6a71e000 r-xp 00000000 08:11 2365469    /usr/lib/i386-linux-gnu/libxcb-glx.so.0.0.0
6a71e000-6a71f000 r--p 00016000 08:11 2365469    /usr/lib/i386-linux-gnu/libxcb-glx.so.0.0.0
6a71f000-6a720000 rw-p 00017000 08:11 2365469    /usr/lib/i386-linux-gnu/libxcb-glx.so.0.0.0
6a720000-6a77d000 r-xp 00000000 08:11 929645     /tmp/libgdxfabien/2789486150/liblwjgl.so
6a77d000-6a77e000 r--p 0005d000 08:11 929645     /tmp/libgdxfabien/2789486150/liblwjgl.so
6a77e000-6a77f000 rw-p 0005e000 08:11 929645     /tmp/libgdxfabien/2789486150/liblwjgl.so
6a77f000-6a780000 ---p 00000000 00:00 0 
6a780000-6a800000 rw-p 00000000 00:00 0          [stack:16955]
6a800000-6a8fd000 rw-p 00000000 00:00 0 
6a8fd000-6a900000 ---p 00000000 00:00 0 
6a902000-6a911000 r-xp 00000000 08:11 2363645    /usr/lib/i386-linux-gnu/libglapi.so.0.0.0
6a911000-6a912000 ---p 0000f000 08:11 2363645    /usr/lib/i386-linux-gnu/libglapi.so.0.0.0
6a912000-6a914000 r--p 0000f000 08:11 2363645    /usr/lib/i386-linux-gnu/libglapi.so.0.0.0
6a914000-6a919000 rwxp 00011000 08:11 2363645    /usr/lib/i386-linux-gnu/libglapi.so.0.0.0
6a91e000-6a92e000 rw-s 10d6e7000 00:05 1197      /dev/dri/card0
6a92e000-6a931000 ---p 00000000 00:00 0 
6a931000-6a97f000 rw-p 00000000 00:00 0          [stack:16957]
6a97f000-6a982000 ---p 00000000 00:00 0 
6a982000-6aa00000 rw-p 00000000 00:00 0          [stack:16953]
6aa00000-6aafc000 rw-p 00000000 00:00 0 
6aafc000-6ab00000 ---p 00000000 00:00 0 
6ab00000-6ab21000 rw-p 00000000 00:00 0 
6ab21000-6ac00000 ---p 00000000 00:00 0 
6ac05000-6ac0f000 r-xp 00000000 08:11 2361860    /usr/lib/i386-linux-gnu/libdrm_radeon.so.1.0.1
6ac0f000-6ac10000 r--p 00009000 08:11 2361860    /usr/lib/i386-linux-gnu/libdrm_radeon.so.1.0.1
6ac10000-6ac11000 rw-p 0000a000 08:11 2361860    /usr/lib/i386-linux-gnu/libdrm_radeon.so.1.0.1
6ac11000-6ac7c000 r-xp 00000000 08:11 929641     /tmp/libgdxfabien/4088972827/libgdx.so
6ac7c000-6ac7d000 ---p 0006b000 08:11 929641     /tmp/libgdxfabien/4088972827/libgdx.so
6ac7d000-6ac7e000 r--p 0006b000 08:11 929641     /tmp/libgdxfabien/4088972827/libgdx.so
6ac7e000-6ac7f000 rw-p 0006c000 08:11 929641     /tmp/libgdxfabien/4088972827/libgdx.so
6ac7f000-6ac82000 ---p 00000000 00:00 0 
6ac82000-6ad00000 rw-p 00000000 00:00 0          [stack:16952]
6ad00000-6af00000 r--p 00000000 08:11 2368157    /usr/lib/locale/locale-archive
6af00000-6af21000 rw-p 00000000 00:00 0 
6af21000-6b000000 ---p 00000000 00:00 0 
6b000000-6b021000 rw-p 00000000 00:00 0 
6b021000-6b100000 ---p 00000000 00:00 0 
6b100000-6b200000 rw-p 00000000 00:00 0 
6b200000-6b2f8000 rw-p 00000000 00:00 0 
6b2f8000-6b300000 ---p 00000000 00:00 0 
6b300000-6b3f9000 rw-p 00000000 00:00 0 
6b3f9000-6b400000 ---p 00000000 00:00 0 
6b404000-6b40f000 r-xp 00000000 08:11 2366798    /usr/lib/i386-linux-gnu/libdrm.so.2.4.0
6b40f000-6b410000 r--p 0000a000 08:11 2366798    /usr/lib/i386-linux-gnu/libdrm.so.2.4.0
6b410000-6b411000 rw-p 0000b000 08:11 2366798    /usr/lib/i386-linux-gnu/libdrm.so.2.4.0
6b411000-6b414000 ---p 00000000 00:00 0 
6b414000-6b422000 rw-p 00000000 00:00 0          [stack:16963]
6b422000-6b423000 ---p 00000000 00:00 0 
6b423000-6b4a3000 rw-p 00000000 00:00 0          [stack:16948]
6b4a3000-6b660000 r--s 039de000 08:11 3147112    /usr/lib/jvm/jdk1.7.0_21/jre/lib/rt.jar
6b660000-6e300000 rw-p 00000000 00:00 0 
6e300000-6e321000 rw-p 00000000 00:00 0 
6e321000-6e400000 ---p 00000000 00:00 0 
6e402000-6e42b000 r-xp 00000000 08:11 2365440    /usr/lib/i386-linux-gnu/libvorbis.so.0.4.5
6e42b000-6e42c000 ---p 00029000 08:11 2365440    /usr/lib/i386-linux-gnu/libvorbis.so.0.4.5
6e42c000-6e42d000 r--p 00029000 08:11 2365440    /usr/lib/i386-linux-gnu/libvorbis.so.0.4.5
6e42d000-6e42e000 rw-p 0002a000 08:11 2365440    /usr/lib/i386-linux-gnu/libvorbis.so.0.4.5
6e42e000-6e431000 ---p 00000000 00:00 0 
6e431000-6e47f000 rw-p 00000000 00:00 0          [stack:16956]
6e47f000-6e480000 ---p 00000000 00:00 0 
6e480000-6e500000 rw-p 00000000 00:00 0          [stack:16943]
6e500000-6e521000 rw-p 00000000 00:00 0 
6e521000-6e600000 ---p 00000000 00:00 0 
6e603000-6e608000 r-xp 00000000 08:11 2364828    /usr/lib/i386-linux-gnu/libffi.so.6.0.1
6e608000-6e609000 r--p 00005000 08:11 2364828    /usr/lib/i386-linux-gnu/libffi.so.6.0.1
6e609000-6e60a000 rw-p 00006000 08:11 2364828    /usr/lib/i386-linux-gnu/libffi.so.6.0.1
6e60a000-6e61d000 r-xp 00000000 08:11 263461     /lib/i386-linux-gnu/libresolv-2.17.so
6e61d000-6e61e000 r--p 00013000 08:11 263461     /lib/i386-linux-gnu/libresolv-2.17.so
6e61e000-6e61f000 rw-p 00014000 08:11 263461     /lib/i386-linux-gnu/libresolv-2.17.so
6e61f000-6e621000 rw-p 00000000 00:00 0 
6e621000-6e627000 r-xp 00000000 08:11 2365218    /usr/lib/i386-linux-gnu/libogg.so.0.8.0
6e627000-6e628000 r--p 00005000 08:11 2365218    /usr/lib/i386-linux-gnu/libogg.so.0.8.0
6e628000-6e629000 rw-p 00006000 08:11 2365218    /usr/lib/i386-linux-gnu/libogg.so.0.8.0
6e629000-6e631000 r-xp 00000000 08:11 263132     /lib/i386-linux-gnu/libwrap.so.0.7.6
6e631000-6e632000 r--p 00007000 08:11 263132     /lib/i386-linux-gnu/libwrap.so.0.7.6
6e632000-6e633000 rw-p 00008000 08:11 263132     /lib/i386-linux-gnu/libwrap.so.0.7.6
6e633000-6e67c000 r-xp 00000000 08:11 554739     /usr/lib/jvm/jdk1.7.0_21/jre/lib/i386/xawt/libmawt.so
6e67c000-6e67f000 rw-p 00048000 08:11 554739     /usr/lib/jvm/jdk1.7.0_21/jre/lib/i386/xawt/libmawt.so
6e67f000-6e680000 ---p 00000000 00:00 0 
6e680000-6e700000 rw-p 00000000 00:00 0          [stack:16942]
6e700000-6e721000 rw-p 00000000 00:00 0 
6e721000-6e800000 ---p 00000000 00:00 0 
6e800000-6e805000 r-xp 00000000 08:11 2364652    /usr/lib/i386-linux-gnu/libasyncns.so.0.3.1
6e805000-6e806000 r--p 00004000 08:11 2364652    /usr/lib/i386-linux-gnu/libasyncns.so.0.3.1
6e806000-6e807000 rw-p 00005000 08:11 2364652    /usr/lib/i386-linux-gnu/libasyncns.so.0.3.1
6e807000-6e80f000 r-xp 00000000 08:11 263021     /lib/i386-linux-gnu/libjson.so.0.1.0
6e80f000-6e810000 r--p 00007000 08:11 263021     /lib/i386-linux-gnu/libjson.so.0.1.0
6e810000-6e811000 rw-p 00008000 08:11 263021     /lib/i386-linux-gnu/libjson.so.0.1.0
6e811000-6e82c000 r-xp 00000000 08:11 263006     /lib/i386-linux-gnu/libgcc_s.so.1
6e82c000-6e82d000 r--p 0001a000 08:11 263006     /lib/i386-linux-gnu/libgcc_s.so.1
6e82d000-6e82e000 rw-p 0001b000 08:11 263006     /lib/i386-linux-gnu/libgcc_s.so.1
6e82e000-6e831000 ---p 00000000 00:00 0 
6e831000-6e87f000 rw-p 00000000 00:00 0          [stack:16954]
6e87f000-6e880000 ---p 00000000 00:00 0 
6e880000-6e900000 rw-p 00000000 00:00 0          [stack:16941]
6e900000-6e921000 rw-p 00000000 00:00 0 
6e921000-6ea00000 ---p 00000000 00:00 0 
6ea03000-6ea0c000 r-xp 00000000 08:11 2364600    /usr/lib/i386-linux-gnu/libXrandr.so.2.2.0
6ea0c000-6ea0d000 r--p 00008000 08:11 2364600    /usr/lib/i386-linux-gnu/libXrandr.so.2.2.0
6ea0d000-6ea0e000 rw-p 00009000 08:11 2364600    /usr/lib/i386-linux-gnu/libXrandr.so.2.2.0
6ea0e000-6ea17000 r-xp 00000000 08:11 2364606    /usr/lib/i386-linux-gnu/libXcursor.so.1.0.2
6ea17000-6ea18000 r--p 00008000 08:11 2364606    /usr/lib/i386-linux-gnu/libXcursor.so.1.0.2
6ea18000-6ea19000 rw-p 00009000 08:11 2364606    /usr/lib/i386-linux-gnu/libXcursor.so.1.0.2
6ea1c000-6ea20000 r-xp 00000000 08:11 2364616    /usr/lib/i386-linux-gnu/libXxf86vm.so.1.0.0
6ea20000-6ea21000 r--p 00003000 08:11 2364616    /usr/lib/i386-linux-gnu/libXxf86vm.so.1.0.0
6ea21000-6ea22000 rw-p 00004000 08:11 2364616    /usr/lib/i386-linux-gnu/libXxf86vm.so.1.0.0
6ea22000-6ea25000 r-xp 00000000 08:11 2364567    /usr/lib/i386-linux-gnu/libxcb-dri2.so.0.0.0
6ea25000-6ea26000 r--p 00003000 08:11 2364567    /usr/lib/i386-linux-gnu/libxcb-dri2.so.0.0.0
6ea26000-6ea27000 rw-p 00004000 08:11 2364567    /usr/lib/i386-linux-gnu/libxcb-dri2.so.0.0.0
6ea27000-6ea2e000 r--s 00000000 08:11 2380664    /usr/lib/i386-linux-gnu/gconv/gconv-modules.cache
6ea2e000-6ea31000 ---p 00000000 00:00 0 
6ea31000-6ea7f000 rw-p 00000000 00:00 0          [stack:16951]
6ea7f000-6ea80000 ---p 00000000 00:00 0 
6ea80000-6eb00000 rw-p 00000000 00:00 0          [stack:16940]
6eb00000-6eb21000 rw-p 00000000 00:00 0 
6eb21000-6ec00000 ---p 00000000 00:00 0 
6ec01000-6ec02000 rw-s 126c02000 00:05 1197      /dev/dri/card0
6ec02000-6ec0c000 r--s 00254000 08:11 3147115    /usr/lib/jvm/jdk1.7.0_21/jre/lib/resources.jar
6ec0c000-6ec2c000 r-xp 00000000 08:11 2380912    /usr/lib/i386-linux-gnu/libxcb.so.1.1.0
6ec2c000-6ec2d000 r--p 0001f000 08:11 2380912    /usr/lib/i386-linux-gnu/libxcb.so.1.1.0
6ec2d000-6ec2e000 rw-p 00020000 08:11 2380912    /usr/lib/i386-linux-gnu/libxcb.so.1.1.0
6ec2e000-6ec31000 ---p 00000000 00:00 0 
6ec31000-6ec7f000 rw-p 00000000 00:00 0          [stack:16950]
6ec7f000-6ec80000 ---p 00000000 00:00 0 
6ec80000-6ed00000 rw-p 00000000 00:00 0          [stack:16939]
6ed00000-6ed21000 rw-p 00000000 00:00 0 
6ed21000-6ee00000 ---p 00000000 00:00 0 
6ee00000-6ee01000 rw-s 126c01000 00:05 1197      /dev/dri/card0
6ee01000-6ee02000 rw-s 1268a1000 00:05 1197      /dev/dri/card0
6ee02000-6ee07000 r-xp 00000000 08:11 2365481    /usr/lib/i386-linux-gnu/libXfixes.so.3.1.0
6ee07000-6ee08000 r--p 00004000 08:11 2365481    /usr/lib/i386-linux-gnu/libXfixes.so.3.1.0
6ee08000-6ee09000 rw-p 00005000 08:11 2365481    /usr/lib/i386-linux-gnu/libXfixes.so.3.1.0
6ee09000-6ee1d000 r-xp 00000000 08:11 394708     /usr/lib/jvm/jdk1.7.0_21/jre/lib/i386/libnet.so
6ee1d000-6ee1e000 rw-p 00014000 08:11 394708     /usr/lib/jvm/jdk1.7.0_21/jre/lib/i386/libnet.so
6ee1e000-6ee2c000 r-xp 00000000 08:11 2364580    /usr/lib/i386-linux-gnu/libXi.so.6.1.0
6ee2c000-6ee2d000 r--p 0000d000 08:11 2364580    /usr/lib/i386-linux-gnu/libXi.so.6.1.0
6ee2d000-6ee2e000 rw-p 0000e000 08:11 2364580    /usr/lib/i386-linux-gnu/libXi.so.6.1.0
6ee2e000-6ee31000 ---p 00000000 00:00 0 
6ee31000-6ee7f000 rw-p 00000000 00:00 0          [stack:16949]
6ee7f000-6ee80000 ---p 00000000 00:00 0 
6ee80000-6ef00000 rw-p 00000000 00:00 0          [stack:16938]
6ef00000-6ef21000 rw-p 00000000 00:00 0 
6ef21000-6f000000 ---p 00000000 00:00 0 
6f000000-6f001000 rw-s 1268a0000 00:05 1197      /dev/dri/card0
6f001000-6f002000 rwxp 00000000 00:00 0 
6f002000-6f004000 r-xp 00000000 08:11 2364583    /usr/lib/i386-linux-gnu/libXdamage.so.1.1.0
6f004000-6f005000 r--p 00001000 08:11 2364583    /usr/lib/i386-linux-gnu/libXdamage.so.1.1.0
6f005000-6f006000 rw-p 00002000 08:11 2364583    /usr/lib/i386-linux-gnu/libXdamage.so.1.1.0
6f006000-6f00b000 r-xp 00000000 08:11 2364585    /usr/lib/i386-linux-gnu/libXdmcp.so.6.0.0
6f00b000-6f00c000 r--p 00004000 08:11 2364585    /usr/lib/i386-linux-gnu/libXdmcp.so.6.0.0
6f00c000-6f00d000 rw-p 00005000 08:11 2364585    /usr/lib/i386-linux-gnu/libXdmcp.so.6.0.0
6f00d000-6f01d000 r-xp 00000000 08:11 2364569    /usr/lib/i386-linux-gnu/libXext.so.6.4.0
6f01d000-6f01e000 r--p 0000f000 08:11 2364569    /usr/lib/i386-linux-gnu/libXext.so.6.4.0
6f01e000-6f01f000 rw-p 00010000 08:11 2364569    /usr/lib/i386-linux-gnu/libXext.so.6.4.0
6f01f000-6f020000 rw-s 10d48d000 00:05 1197      /dev/dri/card0
6f020000-6f021000 rw-s 10d48c000 00:05 1197      /dev/dri/card0
6f021000-6f025000 r--s 0008a000 08:11 3147110    /usr/lib/jvm/jdk1.7.0_21/jre/lib/jsse.jar
6f025000-6f033000 r-xp 00000000 08:11 394724     /usr/lib/jvm/jdk1.7.0_21/jre/lib/i386/libnio.so
6f033000-6f034000 rw-p 0000e000 08:11 394724     /usr/lib/jvm/jdk1.7.0_21/jre/lib/i386/libnio.so
6f034000-6f07f000 rw-p 00000000 00:00 0 
6f07f000-6f080000 ---p 00000000 00:00 0 
6f080000-6f100000 rw-p 00000000 00:00 0          [stack:16937]
6f100000-6f121000 rw-p 00000000 00:00 0 
6f121000-6f200000 ---p 00000000 00:00 0 
6f200000-6f201000 rw-s 10d4a0000 00:05 1197      /dev/dri/card0
6f201000-6f202000 rw-s 10d6f9000 00:05 1197      /dev/dri/card0
6f202000-6f207000 r-xp 00000000 08:11 2364610    /usr/lib/i386-linux-gnu/libXtst.so.6.1.0
6f207000-6f208000 r--p 00004000 08:11 2364610    /usr/lib/i386-linux-gnu/libXtst.so.6.1.0
6f208000-6f209000 rw-p 00005000 08:11 2364610    /usr/lib/i386-linux-gnu/libXtst.so.6.1.0
6f209000-6f222000 r--s 001df000 00:15 2103347    /home/fabien/workspaceJB/jb-desktop/libs/extensions/gdx-tools.jar
6f222000-6f236000 r--s 0014d000 00:15 2103124    /home/fabien/workspaceJB/jb-desktop/libs/gdx-backend-lwjgl.jar
6f236000-6f248000 r--s 0010a000 00:15 2103107    /home/fabien/workspaceJB/jb/libs/gdx.jar
6f248000-6f249000 ---p 00000000 00:00 0 
6f249000-6f2df000 rw-p 00000000 00:00 0          [stack:16936]
6f2df000-6f41f000 rw-p 00000000 00:00 0 
6f41f000-6f427000 rw-p 00000000 00:00 0 
6f427000-6f43f000 rw-p 00000000 00:00 0 
6f43f000-6f455000 rw-p 00000000 00:00 0 
6f455000-6f594000 rw-p 00000000 00:00 0 
6f594000-6f5a1000 rw-p 00000000 00:00 0 
6f5a1000-6f63f000 rw-p 00000000 00:00 0 
6f63f000-70640000 rw-p 00000000 00:00 0 
70640000-73640000 rw-p 00000000 00:00 0 
73640000-760f0000 rw-p 00000000 00:00 0 
760f0000-9e0f0000 rw-p 00000000 00:00 0 
9e0f0000-9fa20000 rw-p 00000000 00:00 0 
9fa20000-b3640000 rw-p 00000000 00:00 0 
b3640000-b3649000 rw-p 00000000 00:00 0 
b3649000-b3700000 rw-p 00000000 00:00 0 
b3700000-b3940000 rwxp 00000000 00:00 0 
b3940000-b67f8000 rw-p 00000000 00:00 0 
b67f8000-b6800000 ---p 00000000 00:00 0 
b6800000-b6801000 rw-s 10d6f8000 00:05 1197      /dev/dri/card0
b6801000-b6802000 rw-s 10d6f7000 00:05 1197      /dev/dri/card0
b6802000-b6804000 r-xp 00000000 08:11 2364574    /usr/lib/i386-linux-gnu/libXau.so.6.0.0
b6804000-b6805000 r--p 00001000 08:11 2364574    /usr/lib/i386-linux-gnu/libXau.so.6.0.0
b6805000-b6806000 rw-p 00002000 08:11 2364574    /usr/lib/i386-linux-gnu/libXau.so.6.0.0
b6806000-b680e000 rw-p 00000000 00:00 0 
b680e000-b6826000 rw-p 00000000 00:00 0 
b6826000-b683d000 r-xp 00000000 08:11 394711     /usr/lib/jvm/jdk1.7.0_21/jre/lib/i386/libzip.so
b683d000-b683e000 rw-p 00017000 08:11 394711     /usr/lib/jvm/jdk1.7.0_21/jre/lib/i386/libzip.so
b683e000-b6849000 r-xp 00000000 08:11 263463     /lib/i386-linux-gnu/libnss_files-2.17.so
b6849000-b684a000 r--p 0000a000 08:11 263463     /lib/i386-linux-gnu/libnss_files-2.17.so
b684a000-b684b000 rw-p 0000b000 08:11 263463     /lib/i386-linux-gnu/libnss_files-2.17.so
b684b000-b6855000 r-xp 00000000 08:11 263494     /lib/i386-linux-gnu/libnss_nis-2.17.so
b6855000-b6856000 r--p 00009000 08:11 263494     /lib/i386-linux-gnu/libnss_nis-2.17.so
b6856000-b6857000 rw-p 0000a000 08:11 263494     /lib/i386-linux-gnu/libnss_nis-2.17.so
b6857000-b686c000 r-xp 00000000 08:11 263457     /lib/i386-linux-gnu/libnsl-2.17.so
b686c000-b686d000 r--p 00014000 08:11 263457     /lib/i386-linux-gnu/libnsl-2.17.so
b686d000-b686e000 rw-p 00015000 08:11 263457     /lib/i386-linux-gnu/libnsl-2.17.so
b686e000-b6870000 rw-p 00000000 00:00 0 
b6870000-b6877000 r-xp 00000000 08:11 263465     /lib/i386-linux-gnu/libnss_compat-2.17.so
b6877000-b6878000 r--p 00006000 08:11 263465     /lib/i386-linux-gnu/libnss_compat-2.17.so
b6878000-b6879000 rw-p 00007000 08:11 263465     /lib/i386-linux-gnu/libnss_compat-2.17.so
b6879000-b687a000 r-xp 00000000 08:11 2364505    /usr/lib/i386-linux-gnu/libX11-xcb.so.1.0.0
b687a000-b687b000 r--p 00000000 08:11 2364505    /usr/lib/i386-linux-gnu/libX11-xcb.so.1.0.0
b687b000-b687c000 rw-p 00001000 08:11 2364505    /usr/lib/i386-linux-gnu/libX11-xcb.so.1.0.0
b687c000-b6884000 r-xp 00000000 08:11 2364588    /usr/lib/i386-linux-gnu/libXrender.so.1.3.0
b6884000-b6885000 r--p 00008000 08:11 2364588    /usr/lib/i386-linux-gnu/libXrender.so.1.3.0
b6885000-b6886000 rw-p 00009000 08:11 2364588    /usr/lib/i386-linux-gnu/libXrender.so.1.3.0
b6886000-b688e000 rw-s 00000000 08:11 919334     /tmp/hsperfdata_fabien/16933
b688e000-b68b1000 r-xp 00000000 08:11 394693     /usr/lib/jvm/jdk1.7.0_21/jre/lib/i386/libjava.so
b68b1000-b68b2000 rw-p 00023000 08:11 394693     /usr/lib/jvm/jdk1.7.0_21/jre/lib/i386/libjava.so
b68b2000-b68b9000 r-xp 00000000 08:11 263492     /lib/i386-linux-gnu/librt-2.17.so
b68b9000-b68ba000 r--p 00006000 08:11 263492     /lib/i386-linux-gnu/librt-2.17.so
b68ba000-b68bb000 rw-p 00007000 08:11 263492     /lib/i386-linux-gnu/librt-2.17.so
b68bb000-b68be000 ---p 00000000 00:00 0 
b68be000-b690c000 rw-p 00000000 00:00 0          [stack:16935]
b690c000-b694d000 r-xp 00000000 08:11 263483     /lib/i386-linux-gnu/libm-2.17.so
b694d000-b694e000 r--p 00040000 08:11 263483     /lib/i386-linux-gnu/libm-2.17.so
b694e000-b694f000 rw-p 00041000 08:11 263483     /lib/i386-linux-gnu/libm-2.17.so
b694f000-b710a000 r-xp 00000000 08:11 1048865    /usr/lib/jvm/jdk1.7.0_21/jre/lib/i386/server/libjvm.so
b710a000-b715c000 rw-p 007bb000 08:11 1048865    /usr/lib/jvm/jdk1.7.0_21/jre/lib/i386/server/libjvm.so
b715c000-b757f000 rw-p 00000000 00:00 0 
b757f000-b772d000 r-xp 00000000 08:11 263485     /lib/i386-linux-gnu/libc-2.17.so
b772d000-b772f000 r--p 001ae000 08:11 263485     /lib/i386-linux-gnu/libc-2.17.so
b772f000-b7730000 rw-p 001b0000 08:11 263485     /lib/i386-linux-gnu/libc-2.17.so
b7730000-b7733000 rw-p 00000000 00:00 0 
b7733000-b7736000 r-xp 00000000 08:11 263629     /lib/i386-linux-gnu/libdl-2.17.so
b7736000-b7737000 r--p 00002000 08:11 263629     /lib/i386-linux-gnu/libdl-2.17.so
b7737000-b7738000 rw-p 00003000 08:11 263629     /lib/i386-linux-gnu/libdl-2.17.so
b7738000-b774b000 r-xp 00000000 08:11 1048869    /usr/lib/jvm/jdk1.7.0_21/jre/lib/i386/jli/libjli.so
b774b000-b774c000 rw-p 00012000 08:11 1048869    /usr/lib/jvm/jdk1.7.0_21/jre/lib/i386/jli/libjli.so
b774c000-b774d000 rw-p 00000000 00:00 0 
b774d000-b7764000 r-xp 00000000 08:11 263476     /lib/i386-linux-gnu/libpthread-2.17.so
b7764000-b7765000 r--p 00016000 08:11 263476     /lib/i386-linux-gnu/libpthread-2.17.so
b7765000-b7766000 rw-p 00017000 08:11 263476     /lib/i386-linux-gnu/libpthread-2.17.so
b7766000-b7768000 rw-p 00000000 00:00 0 
b7768000-b7769000 r-xp 00000000 08:11 394742     /usr/lib/jvm/jdk1.7.0_21/jre/lib/i386/libjawt.so
b7769000-b776a000 rw-p 00000000 08:11 394742     /usr/lib/jvm/jdk1.7.0_21/jre/lib/i386/libjawt.so
b776a000-b776b000 r--s 00002000 00:15 2103344    /home/fabien/workspaceJB/jb-desktop/libs/extensions/gdx-tiled-preprocessor.jar
b776b000-b776c000 r--s 0011b000 00:15 2103121    /home/fabien/workspaceJB/jb-desktop/libs/gdx-natives.jar
b776c000-b776d000 r--s 00162000 00:15 2103122    /home/fabien/workspaceJB/jb-desktop/libs/gdx-backend-lwjgl-natives.jar
b776d000-b776e000 r--p 005e0000 08:11 2368157    /usr/lib/locale/locale-archive
b776e000-b776f000 r--p 00858000 08:11 2368157    /usr/lib/locale/locale-archive
b776f000-b7770000 rw-p 00000000 00:00 0 
b7770000-b7771000 r--p 00000000 00:00 0 
b7771000-b777c000 r-xp 00000000 08:11 394728     /usr/lib/jvm/jdk1.7.0_21/jre/lib/i386/libverify.so
b777c000-b777d000 rw-p 0000b000 08:11 394728     /usr/lib/jvm/jdk1.7.0_21/jre/lib/i386/libverify.so
b777d000-b777f000 rw-p 00000000 00:00 0 
b777f000-b7780000 r-xp 00000000 00:00 0          [vdso]
b7780000-b77a0000 r-xp 00000000 08:11 263490     /lib/i386-linux-gnu/ld-2.17.so
b77a0000-b77a1000 r--p 0001f000 08:11 263490     /lib/i386-linux-gnu/ld-2.17.so
b77a1000-b77a2000 rw-p 00020000 08:11 263490     /lib/i386-linux-gnu/ld-2.17.so
bf8b8000-bf8da000 rw-p 00000000 00:00 0          [stack]

VM Arguments:
jvm_args: -Dfile.encoding=UTF-8 
java_command: com.pokware.jb.Main
Launcher Type: SUN_STANDARD

Environment Variables:
JAVA_HOME=/usr/lib/jvm/jdk1.7.0_21
PATH=/usr/lib/jvm/jdk1.7.0_21/bin:/home/fabien/bin:/usr/local/sbin:/usr/local/bin:/usr/sbin:/usr/bin:/sbin:/bin:/usr/games:/usr/local/games:/home/fabien/lib/apache-maven-3.0.5/bin
USERNAME=fabien
LD_LIBRARY_PATH=/usr/lib/jvm/jdk1.7.0_21/jre/lib/i386/server:/usr/lib/jvm/jdk1.7.0_21/jre/lib/i386:/usr/lib/jvm/jdk1.7.0_21/jre/../lib/i386:/usr/lib/jvm/jdk1.7.0_21/jre/lib/i386/client:/usr/lib/jvm/jdk1.7.0_21/jre/lib/i386:
SHELL=/bin/bash
DISPLAY=:0.0

Signal Handlers:
SIGSEGV: [libjvm.so+0x722ea0], sa_mask[0]=0x7ffbfeff, sa_flags=0x10000004
SIGBUS: [libjvm.so+0x722ea0], sa_mask[0]=0x7ffbfeff, sa_flags=0x10000004
SIGFPE: [libjvm.so+0x5dbc80], sa_mask[0]=0x7ffbfeff, sa_flags=0x10000004
SIGPIPE: [libjvm.so+0x5dbc80], sa_mask[0]=0x7ffbfeff, sa_flags=0x10000004
SIGXFSZ: [libjvm.so+0x5dbc80], sa_mask[0]=0x7ffbfeff, sa_flags=0x10000004
SIGILL: [libjvm.so+0x5dbc80], sa_mask[0]=0x7ffbfeff, sa_flags=0x10000004
SIGUSR1: SIG_DFL, sa_mask[0]=0x00000000, sa_flags=0x00000000
SIGUSR2: [libjvm.so+0x5db560], sa_mask[0]=0x00000004, sa_flags=0x10000004
SIGHUP: [libjvm.so+0x5ddb50], sa_mask[0]=0x7ffbfeff, sa_flags=0x10000004
SIGINT: SIG_IGN, sa_mask[0]=0x00000000, sa_flags=0x00000000
SIGTERM: [libjvm.so+0x5ddb50], sa_mask[0]=0x7ffbfeff, sa_flags=0x10000004
SIGQUIT: [libjvm.so+0x5ddb50], sa_mask[0]=0x7ffbfeff, sa_flags=0x10000004


---------------  S Y S T E M  ---------------

OS:wheezy/sid

uname:Linux 3.8.0-32-generic #47-Ubuntu SMP Tue Oct 1 21:36:40 UTC 2013 i686
libc:glibc 2.17 NPTL 2.17 
rlimit: STACK 8192k, CORE 0k, NPROC 48168, NOFILE 4096, AS infinity
load average:0,29 0,25 0,31

/proc/meminfo:
MemTotal:        6198076 kB
MemFree:         1707128 kB
Buffers:          240452 kB
Cached:          2537624 kB
SwapCached:            0 kB
Active:          2487980 kB
Inactive:        1756012 kB
Active(anon):    1477912 kB
Inactive(anon):    18832 kB
Active(file):    1010068 kB
Inactive(file):  1737180 kB
Unevictable:          32 kB
Mlocked:              32 kB
HighTotal:       5368328 kB
HighFree:        1292520 kB
LowTotal:         829748 kB
LowFree:          414608 kB
SwapTotal:       6855676 kB
SwapFree:        6855676 kB
Dirty:               664 kB
Writeback:             0 kB
AnonPages:       1465536 kB
Mapped:           198752 kB
Shmem:             30832 kB
Slab:             151868 kB
SReclaimable:     104464 kB
SUnreclaim:        47404 kB
KernelStack:        4728 kB
PageTables:        17180 kB
NFS_Unstable:          0 kB
Bounce:                0 kB
WritebackTmp:          0 kB
CommitLimit:     9954712 kB
Committed_AS:    4106680 kB
VmallocTotal:     122880 kB
VmallocUsed:       22556 kB
VmallocChunk:      92996 kB
HardwareCorrupted:     0 kB
AnonHugePages:         0 kB
HugePages_Total:       0
HugePages_Free:        0
HugePages_Rsvd:        0
HugePages_Surp:        0
Hugepagesize:       2048 kB
DirectMap4k:        8184 kB
DirectMap2M:      905216 kB


CPU:total 8 (4 cores per cpu, 2 threads per core) family 6 model 26 stepping 4, cmov, cx8, fxsr, mmx, sse, sse2, sse3, ssse3, sse4.1, sse4.2, popcnt, ht, tsc, tscinvbit, tscinv

/proc/cpuinfo:
processor	: 0
vendor_id	: GenuineIntel
cpu family	: 6
model		: 26
model name	: Intel(R) Core(TM) i7 CPU         920  @ 2.67GHz
stepping	: 4
microcode	: 0x10
cpu MHz		: 1600.000
cache size	: 8192 KB
physical id	: 0
siblings	: 8
core id		: 0
cpu cores	: 4
apicid		: 0
initial apicid	: 0
fdiv_bug	: no
hlt_bug		: no
f00f_bug	: no
coma_bug	: no
fpu		: yes
fpu_exception	: yes
cpuid level	: 11
wp		: yes
flags		: fpu vme de pse tsc msr pae mce cx8 apic sep mtrr pge mca cmov pat pse36 clflush dts acpi mmx fxsr sse sse2 ss ht tm pbe nx rdtscp lm constant_tsc arch_perfmon pebs bts xtopology nonstop_tsc aperfmperf pni dtes64 monitor ds_cpl vmx est tm2 ssse3 cx16 xtpr pdcm sse4_1 sse4_2 popcnt lahf_lm ida dtherm tpr_shadow vnmi flexpriority ept vpid
bogomips	: 5345.77
clflush size	: 64
cache_alignment	: 64
address sizes	: 36 bits physical, 48 bits virtual
power management:

processor	: 1
vendor_id	: GenuineIntel
cpu family	: 6
model		: 26
model name	: Intel(R) Core(TM) i7 CPU         920  @ 2.67GHz
stepping	: 4
microcode	: 0x10
cpu MHz		: 2668.000
cache size	: 8192 KB
physical id	: 0
siblings	: 8
core id		: 1
cpu cores	: 4
apicid		: 2
initial apicid	: 2
fdiv_bug	: no
hlt_bug		: no
f00f_bug	: no
coma_bug	: no
fpu		: yes
fpu_exception	: yes
cpuid level	: 11
wp		: yes
flags		: fpu vme de pse tsc msr pae mce cx8 apic sep mtrr pge mca cmov pat pse36 clflush dts acpi mmx fxsr sse sse2 ss ht tm pbe nx rdtscp lm constant_tsc arch_perfmon pebs bts xtopology nonstop_tsc aperfmperf pni dtes64 monitor ds_cpl vmx est tm2 ssse3 cx16 xtpr pdcm sse4_1 sse4_2 popcnt lahf_lm ida dtherm tpr_shadow vnmi flexpriority ept vpid
bogomips	: 5345.77
clflush size	: 64
cache_alignment	: 64
address sizes	: 36 bits physical, 48 bits virtual
power management:

processor	: 2
vendor_id	: GenuineIntel
cpu family	: 6
model		: 26
model name	: Intel(R) Core(TM) i7 CPU         920  @ 2.67GHz
stepping	: 4
microcode	: 0x10
cpu MHz		: 1600.000
cache size	: 8192 KB
physical id	: 0
siblings	: 8
core id		: 2
cpu cores	: 4
apicid		: 4
initial apicid	: 4
fdiv_bug	: no
hlt_bug		: no
f00f_bug	: no
coma_bug	: no
fpu		: yes
fpu_exception	: yes
cpuid level	: 11
wp		: yes
flags		: fpu vme de pse tsc msr pae mce cx8 apic sep mtrr pge mca cmov pat pse36 clflush dts acpi mmx fxsr sse sse2 ss ht tm pbe nx rdtscp lm constant_tsc arch_perfmon pebs bts xtopology nonstop_tsc aperfmperf pni dtes64 monitor ds_cpl vmx est tm2 ssse3 cx16 xtpr pdcm sse4_1 sse4_2 popcnt lahf_lm ida dtherm tpr_shadow vnmi flexpriority ept vpid
bogomips	: 5345.77
clflush size	: 64
cache_alignment	: 64
address sizes	: 36 bits physical, 48 bits virtual
power management:

processor	: 3
vendor_id	: GenuineIntel
cpu family	: 6
model		: 26
model name	: Intel(R) Core(TM) i7 CPU         920  @ 2.67GHz
stepping	: 4
microcode	: 0x10
cpu MHz		: 2668.000
cache size	: 8192 KB
physical id	: 0
siblings	: 8
core id		: 3
cpu cores	: 4
apicid		: 6
initial apicid	: 6
fdiv_bug	: no
hlt_bug		: no
f00f_bug	: no
coma_bug	: no
fpu		: yes
fpu_exception	: yes
cpuid level	: 11
wp		: yes
flags		: fpu vme de pse tsc msr pae mce cx8 apic sep mtrr pge mca cmov pat pse36 clflush dts acpi mmx fxsr sse sse2 ss ht tm pbe nx rdtscp lm constant_tsc arch_perfmon pebs bts xtopology nonstop_tsc aperfmperf pni dtes64 monitor ds_cpl vmx est tm2 ssse3 cx16 xtpr pdcm sse4_1 sse4_2 popcnt lahf_lm ida dtherm tpr_shadow vnmi flexpriority ept vpid
bogomips	: 5345.77
clflush size	: 64
cache_alignment	: 64
address sizes	: 36 bits physical, 48 bits virtual
power management:

processor	: 4
vendor_id	: GenuineIntel
cpu family	: 6
model		: 26
model name	: Intel(R) Core(TM) i7 CPU         920  @ 2.67GHz
stepping	: 4
microcode	: 0x10
cpu MHz		: 2668.000
cache size	: 8192 KB
physical id	: 0
siblings	: 8
core id		: 0
cpu cores	: 4
apicid		: 1
initial apicid	: 1
fdiv_bug	: no
hlt_bug		: no
f00f_bug	: no
coma_bug	: no
fpu		: yes
fpu_exception	: yes
cpuid level	: 11
wp		: yes
flags		: fpu vme de pse tsc msr pae mce cx8 apic sep mtrr pge mca cmov pat pse36 clflush dts acpi mmx fxsr sse sse2 ss ht tm pbe nx rdtscp lm constant_tsc arch_perfmon pebs bts xtopology nonstop_tsc aperfmperf pni dtes64 monitor ds_cpl vmx est tm2 ssse3 cx16 xtpr pdcm sse4_1 sse4_2 popcnt lahf_lm ida dtherm tpr_shadow vnmi flexpriority ept vpid
bogomips	: 5345.77
clflush size	: 64
cache_alignment	: 64
address sizes	: 36 bits physical, 48 bits virtual
power management:

processor	: 5
vendor_id	: GenuineIntel
cpu family	: 6
model		: 26
model name	: Intel(R) Core(TM) i7 CPU         920  @ 2.67GHz
stepping	: 4
microcode	: 0x10
cpu MHz		: 1600.000
cache size	: 8192 KB
physical id	: 0
siblings	: 8
core id		: 1
cpu cores	: 4
apicid		: 3
initial apicid	: 3
fdiv_bug	: no
hlt_bug		: no
f00f_bug	: no
coma_bug	: no
fpu		: yes
fpu_exception	: yes
cpuid level	: 11
wp		: yes
flags		: fpu vme de pse tsc msr pae mce cx8 apic sep mtrr pge mca cmov pat pse36 clflush dts acpi mmx fxsr sse sse2 ss ht tm pbe nx rdtscp lm constant_tsc arch_perfmon pebs bts xtopology nonstop_tsc aperfmperf pni dtes64 monitor ds_cpl vmx est tm2 ssse3 cx16 xtpr pdcm sse4_1 sse4_2 popcnt lahf_lm ida dtherm tpr_shadow vnmi flexpriority ept vpid
bogomips	: 5345.77
clflush size	: 64
cache_alignment	: 64
address sizes	: 36 bits physical, 48 bits virtual
power management:

processor	: 6
vendor_id	: GenuineIntel
cpu family	: 6
model		: 26
model name	: Intel(R) Core(TM) i7 CPU         920  @ 2.67GHz
stepping	: 4
microcode	: 0x10
cpu MHz		: 1600.000
cache size	: 8192 KB
physical id	: 0
siblings	: 8
core id		: 2
cpu cores	: 4
apicid		: 5
initial apicid	: 5
fdiv_bug	: no
hlt_bug		: no
f00f_bug	: no
coma_bug	: no
fpu		: yes
fpu_exception	: yes
cpuid level	: 11
wp		: yes
flags		: fpu vme de pse tsc msr pae mce cx8 apic sep mtrr pge mca cmov pat pse36 clflush dts acpi mmx fxsr sse sse2 ss ht tm pbe nx rdtscp lm constant_tsc arch_perfmon pebs bts xtopology nonstop_tsc aperfmperf pni dtes64 monitor ds_cpl vmx est tm2 ssse3 cx16 xtpr pdcm sse4_1 sse4_2 popcnt lahf_lm ida dtherm tpr_shadow vnmi flexpriority ept vpid
bogomips	: 5345.77
clflush size	: 64
cache_alignment	: 64
address sizes	: 36 bits physical, 48 bits virtual
power management:

processor	: 7
vendor_id	: GenuineIntel
cpu family	: 6
model		: 26
model name	: Intel(R) Core(TM) i7 CPU         920  @ 2.67GHz
stepping	: 4
microcode	: 0x10
cpu MHz		: 1600.000
cache size	: 8192 KB
physical id	: 0
siblings	: 8
core id		: 3
cpu cores	: 4
apicid		: 7
initial apicid	: 7
fdiv_bug	: no
hlt_bug		: no
f00f_bug	: no
coma_bug	: no
fpu		: yes
fpu_exception	: yes
cpuid level	: 11
wp		: yes
flags		: fpu vme de pse tsc msr pae mce cx8 apic sep mtrr pge mca cmov pat pse36 clflush dts acpi mmx fxsr sse sse2 ss ht tm pbe nx rdtscp lm constant_tsc arch_perfmon pebs bts xtopology nonstop_tsc aperfmperf pni dtes64 monitor ds_cpl vmx est tm2 ssse3 cx16 xtpr pdcm sse4_1 sse4_2 popcnt lahf_lm ida dtherm tpr_shadow vnmi flexpriority ept vpid
bogomips	: 5345.77
clflush size	: 64
cache_alignment	: 64
address sizes	: 36 bits physical, 48 bits virtual
power management:



Memory: 4k page, physical 6198076k(1707128k free), swap 6855676k(6855676k free)

vm_info: Java HotSpot(TM) Server VM (23.21-b01) for linux-x86 JRE (1.7.0_21-b11), built on Apr  4 2013 04:20:11 by "java_re" with gcc 4.3.0 20080428 (Red Hat 4.3.0-8)

time: Tue Nov 12 19:15:00 2013
elapsed time: 3 seconds

