#
# A fatal error has been detected by the Java Runtime Environment:
#
#  SIGSEGV (0xb) at pc=0x621ef760, pid=17014, tid=1689606976
#
# JRE version: 7.0_21-b11
# Java VM: Java HotSpot(TM) Server VM (23.21-b01 mixed mode linux-x86 )
# Problematic frame:
# C  0x621ef760
#
# Failed to write core dump. Core dumps have been disabled. To enable core dumping, try "ulimit -c unlimited" before starting Java again
#
# If you would like to submit a bug report, please visit:
#   http://bugreport.sun.com/bugreport/crash.jsp
# The crash happened outside the Java Virtual Machine in native code.
# See problematic frame for where to report the bug.
#

---------------  T H R E A D  ---------------

Current thread (0x69da7000):  JavaThread "LWJGL Application" [_thread_in_native, id=17043, stack(0x64b05000,0x64b56000)]

siginfo:si_signo=SIGSEGV: si_errno=0, si_code=2 (SEGV_ACCERR), si_addr=0x621ef760

Registers:
EAX=0x621ef768, EBX=0x6ac7dff4, ECX=0x6b200040, EDX=0x61800018
ESP=0x64b54a9c, EBP=0x64b54b24, ESI=0x618aa8f0, EDI=0x618ae3b8
EIP=0x621ef760, EFLAGS=0x00210212, CR2=0x621ef760

Top of Stack: (sp=0x64b54a9c)
0x64b54a9c:   6ac44876 621ef768 61800018 00000000
0x64b54aac:   00000000 b71552e8 621f26e0 64b54b4f
0x64b54abc:   61800018 69da7000 b77b5000 6a3f3940
0x64b54acc:   6ac7dff4 618aa8f0 61800018 618ae3b8
0x64b54adc:   6ac43358 618ae3b8 61800018 618aa8f0
0x64b54aec:   64b54b24 00000000 00000011 6aa3517c
0x64b54afc:   6ac7dff4 6fe01ae0 69da7000 64b54bbc
0x64b54b0c:   6ac43465 618aa8f0 64b54b24 69da6ae0 

Instructions: (pc=0x621ef760)
0x621ef740:   79 73 69 63 73 5f 62 6f 78 32 64 5f 42 6f 64 79
0x621ef750:   5f 6a 6e 69 43 72 65 61 74 65 46 69 78 74 75 72
0x621ef760:   65 00 74 61 09 02 00 00 40 00 20 6b 40 00 20 6b
0x621ef770:   00 00 00 00 00 00 00 00 3a 20 4a 61 76 61 5f 63 

Register to memory mapping:

EAX=0x621ef768 is an unknown value
EBX=0x6ac7dff4: <offset 0x6cff4> in /tmp/libgdxfabien/4088972827/libgdx.so at 0x6ac11000
ECX=0x6b200040 is an unknown value
EDX=0x61800018 is an unknown value
ESP=0x64b54a9c is pointing into the stack for thread: 0x69da7000
EBP=0x64b54b24 is pointing into the stack for thread: 0x69da7000
ESI=0x618aa8f0 is an unknown value
EDI=0x618ae3b8 is an unknown value


Stack: [0x64b05000,0x64b56000],  sp=0x64b54a9c,  free space=318k
Native frames: (J=compiled Java code, j=interpreted, Vv=VM code, C=native code)
C  0x621ef760

Java frames: (J=compiled Java code, j=interpreted, Vv=VM code)
j  com.badlogic.gdx.physics.box2d.Body.jniCreateFixture(JJF)J+0
j  com.badlogic.gdx.physics.box2d.Body.createFixture(Lcom/badlogic/gdx/physics/box2d/Shape;F)Lcom/badlogic/gdx/physics/box2d/Fixture;+10
j  com.pokware.jb.objects.GameObject.createFixtures(Lcom/badlogic/gdx/physics/box2d/Body;FF)V+37
j  com.pokware.jb.objects.GameObject.init(Lcom/pokware/jb/Level;FFIILcom/pokware/jb/objects/CollisionCategory;FFZ)V+95
j  com.pokware.jb.objects.GameObject.<init>(Lcom/pokware/jb/Level;FFLcom/pokware/jb/objects/CollisionCategory;Z)V+54
j  com.pokware.jb.objects.Jack.<init>(Lcom/pokware/jb/Level;FF)V+8
j  com.pokware.jb.objects.LevelObjectManager.populateLevel()V+29
j  com.pokware.jb.Level.<init>(Ljava/lang/String;F)V+267
j  com.pokware.jb.JackBenoitApplication.create()V+15
j  com.badlogic.gdx.backends.lwjgl.LwjglApplication.mainLoop()V+24
j  com.badlogic.gdx.backends.lwjgl.LwjglApplication$1.run()V+27
v  ~StubRoutines::call_stub

---------------  P R O C E S S  ---------------

Java Threads: ( => current thread )
  0x6b200c00 JavaThread "process reaper" daemon [_thread_blocked, id=17045, stack(0x6ec01000,0x6ec12000)]
  0xb6706800 JavaThread "DestroyJavaVM" [_thread_blocked, id=17019, stack(0xb68cf000,0xb6920000)]
=>0x69da7000 JavaThread "LWJGL Application" [_thread_in_native, id=17043, stack(0x64b05000,0x64b56000)]
  0x69d38800 JavaThread "AWT-XAWT" daemon [_thread_in_native, id=17039, stack(0x6a92e000,0x6a97f000)]
  0x6a334800 JavaThread "Java2D Disposer" daemon [_thread_blocked, id=17036, stack(0x6e42e000,0x6e47f000)]
  0x6b1d8c00 JavaThread "Service Thread" daemon [_thread_blocked, id=17034, stack(0x6e82e000,0x6e87f000)]
  0x6b1d7000 JavaThread "C2 CompilerThread1" daemon [_thread_blocked, id=17033, stack(0x6a97f000,0x6aa00000)]
  0x6b1d5000 JavaThread "C2 CompilerThread0" daemon [_thread_blocked, id=17032, stack(0x6ac7f000,0x6ad00000)]
  0x6b1d3400 JavaThread "Signal Dispatcher" daemon [_thread_blocked, id=17031, stack(0x6ea2e000,0x6ea7f000)]
  0x6b198000 JavaThread "Finalizer" daemon [_thread_blocked, id=17030, stack(0x6ec2e000,0x6ec7f000)]
  0x6b196000 JavaThread "Reference Handler" daemon [_thread_blocked, id=17029, stack(0x6ee2e000,0x6ee7f000)]

Other Threads:
  0x6b190800 VMThread [stack: 0x6b422000,0x6b4a3000] [id=17028]
  0x6b1dac00 WatcherThread [stack: 0x6a77f000,0x6a800000] [id=17035]

VM state:not at safepoint (normal execution)

VM Mutex/Monitor currently owned by a thread: None

Heap
 PSYoungGen      total 18752K, used 4694K [0x9e0f0000, 0x9fa40000, 0xb3640000)
  eden space 16064K, 14% used [0x9e0f0000,0x9e334a08,0x9f0a0000)
  from space 2688K, 88% used [0x9f100000,0x9f350ee8,0x9f3a0000)
  to   space 4928K, 0% used [0x9f570000,0x9f570000,0x9fa40000)
 ParOldGen       total 43712K, used 2065K [0x73640000, 0x760f0000, 0x9e0f0000)
  object space 43712K, 4% used [0x73640000,0x73844550,0x760f0000)
 PSPermGen       total 16384K, used 7993K [0x6f640000, 0x70640000, 0x73640000)
  object space 16384K, 48% used [0x6f640000,0x6fe0e490,0x70640000)

Card table byte_map: [0x6f41f000,0x6f640000] byte_map_base: 0x6f0a3e00

Polling page: 0xb7784000

Code Cache  [0xb3700000, 0xb3940000, 0xb6700000)
 total_blobs=499 nmethods=201 adapters=250 free_code_cache=48333Kb largest_free_block=49439360

Compilation events (10 events):
Event: 2,970 Thread 0x6b1d7000 nmethod 199 0xb37d0748 code [0xb37d0840, 0xb37d0890]
Event: 2,971 Thread 0x6b1d5000 nmethod 200 0xb3789f08 code [0xb378a000, 0xb378a0d0]
Event: 2,971 Thread 0x6b1d7000  201             java.util.ArrayList$Itr::hasNext (20 bytes)
Event: 2,971 Thread 0x6b1d5000  202             com.badlogic.gdx.graphics.g2d.tiled.TiledMap::getTileProperty (55 bytes)
Event: 2,972 Thread 0x6b1d7000 nmethod 201 0xb3789d08 code [0xb3789e00, 0xb3789e70]
Event: 2,987 Thread 0x6b1d5000 nmethod 202 0xb37d7208 code [0xb37d7380, 0xb37d79c4]
Event: 2,997 Thread 0x6b1d7000  203             java.util.ArrayList$Itr::<init> (6 bytes)
Event: 2,997 Thread 0x6b1d5000  204             java.util.ArrayList$Itr::<init> (26 bytes)
Event: 2,998 Thread 0x6b1d7000 nmethod 203 0xb37d86c8 code [0xb37d87c0, 0xb37d8830]
Event: 2,998 Thread 0x6b1d5000 nmethod 204 0xb37d84c8 code [0xb37d85c0, 0xb37d8630]

GC Heap History (10 events):
Event: 0,755 GC heap before
{Heap before GC invocations=1 (full 0):
 PSYoungGen      total 19136K, used 16448K [0x9e0f0000, 0x9f640000, 0xb3640000)
  eden space 16448K, 100% used [0x9e0f0000,0x9f100000,0x9f100000)
  from space 2688K, 0% used [0x9f3a0000,0x9f3a0000,0x9f640000)
  to   space 2688K, 0% used [0x9f100000,0x9f100000,0x9f3a0000)
 ParOldGen       total 43712K, used 0K [0x73640000, 0x760f0000, 0x9e0f0000)
  object space 43712K, 0% used [0x73640000,0x73640000,0x760f0000)
 PSPermGen       total 16384K, used 5505K [0x6f640000, 0x70640000, 0x73640000)
  object space 16384K, 33% used [0x6f640000,0x6fba0468,0x70640000)
Event: 0,759 GC heap after
Heap after GC invocations=1 (full 0):
 PSYoungGen      total 19136K, used 2680K [0x9e0f0000, 0x9f640000, 0xb3640000)
  eden space 16448K, 0% used [0x9e0f0000,0x9e0f0000,0x9f100000)
  from space 2688K, 99% used [0x9f100000,0x9f39e0e0,0x9f3a0000)
  to   space 2688K, 0% used [0x9f3a0000,0x9f3a0000,0x9f640000)
 ParOldGen       total 43712K, used 2049K [0x73640000, 0x760f0000, 0x9e0f0000)
  object space 43712K, 4% used [0x73640000,0x73840550,0x760f0000)
 PSPermGen       total 16384K, used 5505K [0x6f640000, 0x70640000, 0x73640000)
  object space 16384K, 33% used [0x6f640000,0x6fba0468,0x70640000)
}
Event: 1,279 GC heap before
{Heap before GC invocations=2 (full 0):
 PSYoungGen      total 19136K, used 19128K [0x9e0f0000, 0x9f640000, 0xb3640000)
  eden space 16448K, 100% used [0x9e0f0000,0x9f100000,0x9f100000)
  from space 2688K, 99% used [0x9f100000,0x9f39e0e0,0x9f3a0000)
  to   space 2688K, 0% used [0x9f3a0000,0x9f3a0000,0x9f640000)
 ParOldGen       total 43712K, used 2049K [0x73640000, 0x760f0000, 0x9e0f0000)
  object space 43712K, 4% used [0x73640000,0x73840550,0x760f0000)
 PSPermGen       total 16384K, used 5522K [0x6f640000, 0x70640000, 0x73640000)
  object space 16384K, 33% used [0x6f640000,0x6fba4b78,0x70640000)
Event: 1,280 GC heap after
Heap after GC invocations=2 (full 0):
 PSYoungGen      total 19136K, used 480K [0x9e0f0000, 0x9f640000, 0xb3640000)
  eden space 16448K, 0% used [0x9e0f0000,0x9e0f0000,0x9f100000)
  from space 2688K, 17% used [0x9f3a0000,0x9f418050,0x9f640000)
  to   space 2688K, 0% used [0x9f100000,0x9f100000,0x9f3a0000)
 ParOldGen       total 43712K, used 2053K [0x73640000, 0x760f0000, 0x9e0f0000)
  object space 43712K, 4% used [0x73640000,0x73841550,0x760f0000)
 PSPermGen       total 16384K, used 5522K [0x6f640000, 0x70640000, 0x73640000)
  object space 16384K, 33% used [0x6f640000,0x6fba4b78,0x70640000)
}
Event: 1,762 GC heap before
{Heap before GC invocations=3 (full 0):
 PSYoungGen      total 19136K, used 16928K [0x9e0f0000, 0x9f640000, 0xb3640000)
  eden space 16448K, 100% used [0x9e0f0000,0x9f100000,0x9f100000)
  from space 2688K, 17% used [0x9f3a0000,0x9f418050,0x9f640000)
  to   space 2688K, 0% used [0x9f100000,0x9f100000,0x9f3a0000)
 ParOldGen       total 43712K, used 2053K [0x73640000, 0x760f0000, 0x9e0f0000)
  object space 43712K, 4% used [0x73640000,0x73841550,0x760f0000)
 PSPermGen       total 16384K, used 5531K [0x6f640000, 0x70640000, 0x73640000)
  object space 16384K, 33% used [0x6f640000,0x6fba6fb8,0x70640000)
Event: 1,763 GC heap after
Heap after GC invocations=3 (full 0):
 PSYoungGen      total 19136K, used 416K [0x9e0f0000, 0x9f640000, 0xb3640000)
  eden space 16448K, 0% used [0x9e0f0000,0x9e0f0000,0x9f100000)
  from space 2688K, 15% used [0x9f100000,0x9f168070,0x9f3a0000)
  to   space 2688K, 0% used [0x9f3a0000,0x9f3a0000,0x9f640000)
 ParOldGen       total 43712K, used 2057K [0x73640000, 0x760f0000, 0x9e0f0000)
  object space 43712K, 4% used [0x73640000,0x73842550,0x760f0000)
 PSPermGen       total 16384K, used 5531K [0x6f640000, 0x70640000, 0x73640000)
  object space 16384K, 33% used [0x6f640000,0x6fba6fb8,0x70640000)
}
Event: 2,170 GC heap before
{Heap before GC invocations=4 (full 0):
 PSYoungGen      total 19136K, used 16864K [0x9e0f0000, 0x9f640000, 0xb3640000)
  eden space 16448K, 100% used [0x9e0f0000,0x9f100000,0x9f100000)
  from space 2688K, 15% used [0x9f100000,0x9f168070,0x9f3a0000)
  to   space 2688K, 0% used [0x9f3a0000,0x9f3a0000,0x9f640000)
 ParOldGen       total 43712K, used 2057K [0x73640000, 0x760f0000, 0x9e0f0000)
  object space 43712K, 4% used [0x73640000,0x73842550,0x760f0000)
 PSPermGen       total 16384K, used 5550K [0x6f640000, 0x70640000, 0x73640000)
  object space 16384K, 33% used [0x6f640000,0x6fbabaa0,0x70640000)
Event: 2,172 GC heap after
Heap after GC invocations=4 (full 0):
 PSYoungGen      total 19136K, used 472K [0x9e0f0000, 0x9f640000, 0xb3640000)
  eden space 16448K, 0% used [0x9e0f0000,0x9e0f0000,0x9f100000)
  from space 2688K, 17% used [0x9f3a0000,0x9f416060,0x9f640000)
  to   space 2688K, 0% used [0x9f100000,0x9f100000,0x9f3a0000)
 ParOldGen       total 43712K, used 2061K [0x73640000, 0x760f0000, 0x9e0f0000)
  object space 43712K, 4% used [0x73640000,0x73843550,0x760f0000)
 PSPermGen       total 16384K, used 5550K [0x6f640000, 0x70640000, 0x73640000)
  object space 16384K, 33% used [0x6f640000,0x6fbabaa0,0x70640000)
}
Event: 2,865 GC heap before
{Heap before GC invocations=5 (full 0):
 PSYoungGen      total 19136K, used 16920K [0x9e0f0000, 0x9f640000, 0xb3640000)
  eden space 16448K, 100% used [0x9e0f0000,0x9f100000,0x9f100000)
  from space 2688K, 17% used [0x9f3a0000,0x9f416060,0x9f640000)
  to   space 2688K, 0% used [0x9f100000,0x9f100000,0x9f3a0000)
 ParOldGen       total 43712K, used 2061K [0x73640000, 0x760f0000, 0x9e0f0000)
  object space 43712K, 4% used [0x73640000,0x73843550,0x760f0000)
 PSPermGen       total 16384K, used 7824K [0x6f640000, 0x70640000, 0x73640000)
  object space 16384K, 47% used [0x6f640000,0x6fde4010,0x70640000)
Event: 2,868 GC heap after
Heap after GC invocations=5 (full 0):
 PSYoungGen      total 18752K, used 2371K [0x9e0f0000, 0x9fa40000, 0xb3640000)
  eden space 16064K, 0% used [0x9e0f0000,0x9e0f0000,0x9f0a0000)
  from space 2688K, 88% used [0x9f100000,0x9f350ee8,0x9f3a0000)
  to   space 4928K, 0% used [0x9f570000,0x9f570000,0x9fa40000)
 ParOldGen       total 43712K, used 2065K [0x73640000, 0x760f0000, 0x9e0f0000)
  object space 43712K, 4% used [0x73640000,0x73844550,0x760f0000)
 PSPermGen       total 16384K, used 7824K [0x6f640000, 0x70640000, 0x73640000)
  object space 16384K, 47% used [0x6f640000,0x6fde4010,0x70640000)
}

Deoptimization events (10 events):
Event: 1,198 Thread 0xb6706800 Uncommon trap -12 fr.pc 0xb37a2b74
Event: 1,998 Thread 0xb6706800 Uncommon trap -34 fr.pc 0xb375d4b4
Event: 2,338 Thread 0xb6706800 Uncommon trap -34 fr.pc 0xb3787abc
Event: 2,338 Thread 0xb6706800 Uncommon trap -34 fr.pc 0xb3787abc
Event: 2,339 Thread 0xb6706800 Uncommon trap -34 fr.pc 0xb3787abc
Event: 2,339 Thread 0xb6706800 Uncommon trap -34 fr.pc 0xb3787abc
Event: 2,339 Thread 0xb6706800 Uncommon trap -34 fr.pc 0xb378f548
Event: 2,431 Thread 0x69da7000 Uncommon trap -83 fr.pc 0xb3779480
Event: 2,738 Thread 0x69da7000 Uncommon trap -83 fr.pc 0xb375d520
Event: 2,745 Thread 0x69da7000 Uncommon trap -83 fr.pc 0xb3771684

Internal exceptions (10 events):
Event: 2,991 Thread 0x69da7000 Threw 0x9e258c20 at /HUDSON/workspace/jdk7u21-2-build-linux-i586-product/jdk7u21/hotspot/src/share/vm/prims/jvm.cpp:1166
Event: 2,992 Thread 0x69da7000 Threw 0x9e264ce0 at /HUDSON/workspace/jdk7u21-2-build-linux-i586-product/jdk7u21/hotspot/src/share/vm/prims/jvm.cpp:1166
Event: 2,992 Thread 0x69da7000 Threw 0x9e267db8 at /HUDSON/workspace/jdk7u21-2-build-linux-i586-product/jdk7u21/hotspot/src/share/vm/prims/jvm.cpp:1166
Event: 2,992 Thread 0x69da7000 Threw 0x9e26b078 at /HUDSON/workspace/jdk7u21-2-build-linux-i586-product/jdk7u21/hotspot/src/share/vm/prims/jvm.cpp:1166
Event: 2,993 Thread 0x69da7000 Threw 0x9e26e150 at /HUDSON/workspace/jdk7u21-2-build-linux-i586-product/jdk7u21/hotspot/src/share/vm/prims/jvm.cpp:1166
Event: 2,993 Thread 0x69da7000 Threw 0x9e2741c8 at /HUDSON/workspace/jdk7u21-2-build-linux-i586-product/jdk7u21/hotspot/src/share/vm/prims/jvm.cpp:1166
Event: 2,993 Thread 0x69da7000 Threw 0x9e277e60 at /HUDSON/workspace/jdk7u21-2-build-linux-i586-product/jdk7u21/hotspot/src/share/vm/prims/jvm.cpp:1166
Event: 2,994 Thread 0x69da7000 Threw 0x9e27c538 at /HUDSON/workspace/jdk7u21-2-build-linux-i586-product/jdk7u21/hotspot/src/share/vm/prims/jvm.cpp:1166
Event: 2,994 Thread 0x69da7000 Threw 0x9e27e8d0 at /HUDSON/workspace/jdk7u21-2-build-linux-i586-product/jdk7u21/hotspot/src/share/vm/prims/jvm.cpp:1166
Event: 3,000 Thread 0x69da7000 Threw 0x9e321e88 at /HUDSON/workspace/jdk7u21-2-build-linux-i586-product/jdk7u21/hotspot/src/share/vm/prims/jvm.cpp:1166

Events (10 events):
Event: 2,993 loading class 0x621f3cd8
Event: 2,993 loading class 0x621f3cd8 done
Event: 2,994 loading class 0x621dd698
Event: 2,994 loading class 0x621dd698 done
Event: 2,994 loading class 0x621dd6d8
Event: 2,994 loading class 0x621dd6d8 done
Event: 2,997 loading class 0x6b19a2d8
Event: 2,997 loading class 0x6b19a2d8 done
Event: 3,000 loading class 0x6218fdf8
Event: 3,000 loading class 0x6218fdf8 done


Dynamic libraries:
08048000-08049000 r-xp 00000000 08:11 2496233    /usr/lib/jvm/jdk1.7.0_21/bin/java
08049000-0804a000 rw-p 00000000 08:11 2496233    /usr/lib/jvm/jdk1.7.0_21/bin/java
0821a000-08297000 rw-p 00000000 00:00 0          [heap]
61800000-618d9000 rw-p 00000000 00:00 0 
618d9000-61900000 ---p 00000000 00:00 0 
61979000-61a79000 rw-s 106577000 00:05 1197      /dev/dri/card0
61a79000-61b79000 rw-s 10d8ab000 00:05 1197      /dev/dri/card0
61bfa000-61c7a000 rw-s 10676e000 00:05 1197      /dev/dri/card0
61c7a000-62100000 rw-p 00000000 00:00 0 
62100000-621fe000 rw-p 00000000 00:00 0 
621fe000-62200000 ---p 00000000 00:00 0 
62200000-62300000 rw-s 126a37000 00:05 1197      /dev/dri/card0
62300000-623fb000 rw-p 00000000 00:00 0 
623fb000-62400000 ---p 00000000 00:00 0 
6243c000-624b6000 rw-p 00000000 00:00 0 
624b6000-624d6000 rw-s 1066a2000 00:05 1197      /dev/dri/card0
624d6000-62508000 r-xp 00000000 08:11 2365410    /usr/lib/i386-linux-gnu/libtxc_dxtn_s2tc.so.0.0.0
62508000-62509000 r--p 00031000 08:11 2365410    /usr/lib/i386-linux-gnu/libtxc_dxtn_s2tc.so.0.0.0
62509000-6250a000 rw-p 00032000 08:11 2365410    /usr/lib/i386-linux-gnu/libtxc_dxtn_s2tc.so.0.0.0
6250a000-6250b000 ---p 00000000 00:00 0 
6250b000-62d0b000 rw-p 00000000 00:00 0          [stack:17047]
62d0b000-641b8000 r-xp 00000000 08:11 2364517    /usr/lib/i386-linux-gnu/libLLVM-3.2.so.1
641b8000-64265000 r--p 014ad000 08:11 2364517    /usr/lib/i386-linux-gnu/libLLVM-3.2.so.1
64265000-64268000 rw-p 0155a000 08:11 2364517    /usr/lib/i386-linux-gnu/libLLVM-3.2.so.1
64268000-64272000 rw-p 00000000 00:00 0 
64272000-64297000 r-xp 00000000 08:11 263001     /lib/i386-linux-gnu/libexpat.so.1.6.0
64297000-64299000 r--p 00025000 08:11 263001     /lib/i386-linux-gnu/libexpat.so.1.6.0
64299000-6429a000 rw-p 00027000 08:11 263001     /lib/i386-linux-gnu/libexpat.so.1.6.0
6429a000-644a7000 r-xp 00000000 08:11 2364801    /usr/lib/i386-linux-gnu/libgallium.so.0.0.0
644a7000-644b0000 r--p 0020c000 08:11 2364801    /usr/lib/i386-linux-gnu/libgallium.so.0.0.0
644b0000-644b1000 rw-p 00215000 08:11 2364801    /usr/lib/i386-linux-gnu/libgallium.so.0.0.0
644b1000-64679000 rw-p 00000000 00:00 0 
64679000-64a10000 r-xp 00000000 08:11 2368740    /usr/lib/i386-linux-gnu/libdricore9.1.7.so.1.0.0
64a10000-64a11000 ---p 00397000 08:11 2368740    /usr/lib/i386-linux-gnu/libdricore9.1.7.so.1.0.0
64a11000-64a1a000 r--p 00397000 08:11 2368740    /usr/lib/i386-linux-gnu/libdricore9.1.7.so.1.0.0
64a1a000-64a1f000 rw-p 003a0000 08:11 2368740    /usr/lib/i386-linux-gnu/libdricore9.1.7.so.1.0.0
64a1f000-64a34000 rw-p 00000000 00:00 0 
64a34000-64aa6000 r-xp 00000000 08:11 2368730    /usr/lib/i386-linux-gnu/dri/r600_dri.so
64aa6000-64aa7000 r--p 00071000 08:11 2368730    /usr/lib/i386-linux-gnu/dri/r600_dri.so
64aa7000-64aaa000 rw-p 00072000 08:11 2368730    /usr/lib/i386-linux-gnu/dri/r600_dri.so
64aaa000-64aac000 rw-p 00000000 00:00 0 
64aac000-64afe000 r-xp 00000000 08:11 2361862    /usr/lib/i386-linux-gnu/mesa/libGL.so.1.2.0
64afe000-64b00000 r--p 00051000 08:11 2361862    /usr/lib/i386-linux-gnu/mesa/libGL.so.1.2.0
64b00000-64b04000 rwxp 00053000 08:11 2361862    /usr/lib/i386-linux-gnu/mesa/libGL.so.1.2.0
64b04000-64b05000 rwxp 00000000 00:00 0 
64b05000-64b08000 ---p 00000000 00:00 0 
64b08000-64b56000 rw-p 00000000 00:00 0          [stack:17043]
64b56000-64b57000 ---p 00000000 00:00 0 
64b57000-64c57000 rw-p 00000000 00:00 0          [stack:17042]
64c57000-68c58000 rw-s 00000000 00:13 10743302   /run/shm/pulse-shm-3943832792
68c58000-68c59000 ---p 00000000 00:00 0 
68c59000-69459000 rw-p 00000000 00:00 0          [stack:17041]
69459000-695bf000 r-xp 00000000 08:11 2365442    /usr/lib/i386-linux-gnu/libvorbisenc.so.2.0.8
695bf000-695d0000 r--p 00165000 08:11 2365442    /usr/lib/i386-linux-gnu/libvorbisenc.so.2.0.8
695d0000-695d1000 rw-p 00176000 08:11 2365442    /usr/lib/i386-linux-gnu/libvorbisenc.so.2.0.8
695d1000-6961f000 r-xp 00000000 08:11 2364504    /usr/lib/i386-linux-gnu/libFLAC.so.8.2.0
6961f000-69620000 r--p 0004e000 08:11 2364504    /usr/lib/i386-linux-gnu/libFLAC.so.8.2.0
69620000-69621000 rw-p 0004f000 08:11 2364504    /usr/lib/i386-linux-gnu/libFLAC.so.8.2.0
69621000-6968e000 r-xp 00000000 08:11 2365356    /usr/lib/i386-linux-gnu/libsndfile.so.1.0.25
6968e000-69690000 r--p 0006c000 08:11 2365356    /usr/lib/i386-linux-gnu/libsndfile.so.1.0.25
69690000-69691000 rw-p 0006e000 08:11 2365356    /usr/lib/i386-linux-gnu/libsndfile.so.1.0.25
69691000-69695000 rw-p 00000000 00:00 0 
69695000-696fe000 r-xp 00000000 08:11 2366826    /usr/lib/i386-linux-gnu/pulseaudio/libpulsecommon-3.0.so
696fe000-696ff000 r--p 00068000 08:11 2366826    /usr/lib/i386-linux-gnu/pulseaudio/libpulsecommon-3.0.so
696ff000-69700000 rw-p 00069000 08:11 2366826    /usr/lib/i386-linux-gnu/pulseaudio/libpulsecommon-3.0.so
69700000-697e4000 rw-p 00000000 00:00 0 
697e4000-69800000 ---p 00000000 00:00 0 
69800000-698dd000 rw-p 00000000 00:00 0 
698dd000-69900000 ---p 00000000 00:00 0 
69900000-699fb000 rw-p 00000000 00:00 0 
699fb000-69a00000 ---p 00000000 00:00 0 
69a00000-69aff000 rw-p 00000000 00:00 0 
69aff000-69b00000 ---p 00000000 00:00 0 
69b00000-69c00000 rw-p 00000000 00:00 0 
69c00000-69cfe000 rw-p 00000000 00:00 0 
69cfe000-69d00000 ---p 00000000 00:00 0 
69d00000-69da8000 rw-p 00000000 00:00 0 
69da8000-69e00000 ---p 00000000 00:00 0 
69e1a000-69e62000 r-xp 00000000 08:11 263398     /lib/i386-linux-gnu/libdbus-1.so.3.7.2
69e62000-69e63000 r--p 00047000 08:11 263398     /lib/i386-linux-gnu/libdbus-1.so.3.7.2
69e63000-69e64000 rw-p 00048000 08:11 263398     /lib/i386-linux-gnu/libdbus-1.so.3.7.2
69e64000-69eb0000 r-xp 00000000 08:11 2365289    /usr/lib/i386-linux-gnu/libpulse.so.0.15.3
69eb0000-69eb1000 ---p 0004c000 08:11 2365289    /usr/lib/i386-linux-gnu/libpulse.so.0.15.3
69eb1000-69eb2000 r--p 0004c000 08:11 2365289    /usr/lib/i386-linux-gnu/libpulse.so.0.15.3
69eb2000-69eb3000 rw-p 0004d000 08:11 2365289    /usr/lib/i386-linux-gnu/libpulse.so.0.15.3
69eb3000-69efe000 r-xp 00000000 08:11 929649     /tmp/libgdxfabien/2789486150/libopenal.so
69efe000-69eff000 r--p 0004b000 08:11 929649     /tmp/libgdxfabien/2789486150/libopenal.so
69eff000-69f00000 rw-p 0004c000 08:11 929649     /tmp/libgdxfabien/2789486150/libopenal.so
69f00000-6a000000 rw-p 00000000 00:00 0 
6a017000-6a0f3000 r-xp 00000000 08:11 2365378    /usr/lib/i386-linux-gnu/libstdc++.so.6.0.17
6a0f3000-6a0f4000 ---p 000dc000 08:11 2365378    /usr/lib/i386-linux-gnu/libstdc++.so.6.0.17
6a0f4000-6a0f8000 r--p 000dc000 08:11 2365378    /usr/lib/i386-linux-gnu/libstdc++.so.6.0.17
6a0f8000-6a0f9000 rw-p 000e0000 08:11 2365378    /usr/lib/i386-linux-gnu/libstdc++.so.6.0.17
6a0f9000-6a100000 rw-p 00000000 00:00 0 
6a100000-6a1f4000 rw-p 00000000 00:00 0 
6a1f4000-6a200000 ---p 00000000 00:00 0 
6a200000-6a2fd000 rw-p 00000000 00:00 0 
6a2fd000-6a300000 ---p 00000000 00:00 0 
6a300000-6a3fa000 rw-p 00000000 00:00 0 
6a3fa000-6a400000 ---p 00000000 00:00 0 
6a418000-6a54b000 r-xp 00000000 08:11 2365483    /usr/lib/i386-linux-gnu/libX11.so.6.3.0
6a54b000-6a54c000 r--p 00132000 08:11 2365483    /usr/lib/i386-linux-gnu/libX11.so.6.3.0
6a54c000-6a54f000 rw-p 00133000 08:11 2365483    /usr/lib/i386-linux-gnu/libX11.so.6.3.0
6a54f000-6a5d5000 r-xp 00000000 08:11 394709     /usr/lib/jvm/jdk1.7.0_21/jre/lib/i386/libawt.so
6a5d5000-6a5dc000 rw-p 00086000 08:11 394709     /usr/lib/jvm/jdk1.7.0_21/jre/lib/i386/libawt.so
6a5dc000-6a600000 rw-p 00000000 00:00 0 
6a600000-6a6ec000 rw-p 00000000 00:00 0 
6a6ec000-6a700000 ---p 00000000 00:00 0 
6a710000-6a720000 rw-s 126d82000 00:05 1197      /dev/dri/card0
6a720000-6a77d000 r-xp 00000000 08:11 929645     /tmp/libgdxfabien/2789486150/liblwjgl.so
6a77d000-6a77e000 r--p 0005d000 08:11 929645     /tmp/libgdxfabien/2789486150/liblwjgl.so
6a77e000-6a77f000 rw-p 0005e000 08:11 929645     /tmp/libgdxfabien/2789486150/liblwjgl.so
6a77f000-6a780000 ---p 00000000 00:00 0 
6a780000-6a800000 rw-p 00000000 00:00 0          [stack:17035]
6a800000-6a8f0000 rw-p 00000000 00:00 0 
6a8f0000-6a900000 ---p 00000000 00:00 0 
6a902000-6a90a000 rw-s 10d9b6000 00:05 1197      /dev/dri/card0
6a90a000-6a914000 r-xp 00000000 08:11 2361860    /usr/lib/i386-linux-gnu/libdrm_radeon.so.1.0.1
6a914000-6a915000 r--p 00009000 08:11 2361860    /usr/lib/i386-linux-gnu/libdrm_radeon.so.1.0.1
6a915000-6a916000 rw-p 0000a000 08:11 2361860    /usr/lib/i386-linux-gnu/libdrm_radeon.so.1.0.1
6a916000-6a92c000 r-xp 00000000 08:11 2365469    /usr/lib/i386-linux-gnu/libxcb-glx.so.0.0.0
6a92c000-6a92d000 r--p 00016000 08:11 2365469    /usr/lib/i386-linux-gnu/libxcb-glx.so.0.0.0
6a92d000-6a92e000 rw-p 00017000 08:11 2365469    /usr/lib/i386-linux-gnu/libxcb-glx.so.0.0.0
6a92e000-6a931000 ---p 00000000 00:00 0 
6a931000-6a97f000 rw-p 00000000 00:00 0          [stack:17039]
6a97f000-6a982000 ---p 00000000 00:00 0 
6a982000-6aa00000 rw-p 00000000 00:00 0          [stack:17033]
6aa00000-6aaf9000 rw-p 00000000 00:00 0 
6aaf9000-6ab00000 ---p 00000000 00:00 0 
6ab00000-6ab21000 rw-p 00000000 00:00 0 
6ab21000-6ac00000 ---p 00000000 00:00 0 
6ac04000-6ac0f000 r-xp 00000000 08:11 2366798    /usr/lib/i386-linux-gnu/libdrm.so.2.4.0
6ac0f000-6ac10000 r--p 0000a000 08:11 2366798    /usr/lib/i386-linux-gnu/libdrm.so.2.4.0
6ac10000-6ac11000 rw-p 0000b000 08:11 2366798    /usr/lib/i386-linux-gnu/libdrm.so.2.4.0
6ac11000-6ac7c000 r-xp 00000000 08:11 929641     /tmp/libgdxfabien/4088972827/libgdx.so
6ac7c000-6ac7d000 ---p 0006b000 08:11 929641     /tmp/libgdxfabien/4088972827/libgdx.so
6ac7d000-6ac7e000 r--p 0006b000 08:11 929641     /tmp/libgdxfabien/4088972827/libgdx.so
6ac7e000-6ac7f000 rw-p 0006c000 08:11 929641     /tmp/libgdxfabien/4088972827/libgdx.so
6ac7f000-6ac82000 ---p 00000000 00:00 0 
6ac82000-6ad00000 rw-p 00000000 00:00 0          [stack:17032]
6ad00000-6af00000 r--p 00000000 08:11 2368157    /usr/lib/locale/locale-archive
6af00000-6af21000 rw-p 00000000 00:00 0 
6af21000-6b000000 ---p 00000000 00:00 0 
6b000000-6b021000 rw-p 00000000 00:00 0 
6b021000-6b100000 ---p 00000000 00:00 0 
6b100000-6b200000 rw-p 00000000 00:00 0 
6b200000-6b2f8000 rw-p 00000000 00:00 0 
6b2f8000-6b300000 ---p 00000000 00:00 0 
6b300000-6b3f9000 rw-p 00000000 00:00 0 
6b3f9000-6b400000 ---p 00000000 00:00 0 
6b404000-6b409000 r-xp 00000000 08:11 2364828    /usr/lib/i386-linux-gnu/libffi.so.6.0.1
6b409000-6b40a000 r--p 00005000 08:11 2364828    /usr/lib/i386-linux-gnu/libffi.so.6.0.1
6b40a000-6b40b000 rw-p 00006000 08:11 2364828    /usr/lib/i386-linux-gnu/libffi.so.6.0.1
6b40b000-6b41a000 r-xp 00000000 08:11 2363645    /usr/lib/i386-linux-gnu/libglapi.so.0.0.0
6b41a000-6b41b000 ---p 0000f000 08:11 2363645    /usr/lib/i386-linux-gnu/libglapi.so.0.0.0
6b41b000-6b41d000 r--p 0000f000 08:11 2363645    /usr/lib/i386-linux-gnu/libglapi.so.0.0.0
6b41d000-6b422000 rwxp 00011000 08:11 2363645    /usr/lib/i386-linux-gnu/libglapi.so.0.0.0
6b422000-6b423000 ---p 00000000 00:00 0 
6b423000-6b4a3000 rw-p 00000000 00:00 0          [stack:17028]
6b4a3000-6b660000 r--s 039de000 08:11 3147112    /usr/lib/jvm/jdk1.7.0_21/jre/lib/rt.jar
6b660000-6e300000 rw-p 00000000 00:00 0 
6e300000-6e321000 rw-p 00000000 00:00 0 
6e321000-6e400000 ---p 00000000 00:00 0 
6e406000-6e407000 rw-s 126b38000 00:05 1197      /dev/dri/card0
6e407000-6e417000 rw-s 126d60000 00:05 1197      /dev/dri/card0
6e417000-6e42a000 r-xp 00000000 08:11 263461     /lib/i386-linux-gnu/libresolv-2.17.so
6e42a000-6e42b000 r--p 00013000 08:11 263461     /lib/i386-linux-gnu/libresolv-2.17.so
6e42b000-6e42c000 rw-p 00014000 08:11 263461     /lib/i386-linux-gnu/libresolv-2.17.so
6e42c000-6e42e000 rw-p 00000000 00:00 0 
6e42e000-6e431000 ---p 00000000 00:00 0 
6e431000-6e47f000 rw-p 00000000 00:00 0          [stack:17036]
6e47f000-6e480000 ---p 00000000 00:00 0 
6e480000-6e500000 rw-p 00000000 00:00 0          [stack:17027]
6e500000-6e521000 rw-p 00000000 00:00 0 
6e521000-6e600000 ---p 00000000 00:00 0 
6e600000-6e601000 rw-s 126b37000 00:05 1197      /dev/dri/card0
6e601000-6e605000 r-xp 00000000 08:11 2364616    /usr/lib/i386-linux-gnu/libXxf86vm.so.1.0.0
6e605000-6e606000 r--p 00003000 08:11 2364616    /usr/lib/i386-linux-gnu/libXxf86vm.so.1.0.0
6e606000-6e607000 rw-p 00004000 08:11 2364616    /usr/lib/i386-linux-gnu/libXxf86vm.so.1.0.0
6e607000-6e630000 r-xp 00000000 08:11 2365440    /usr/lib/i386-linux-gnu/libvorbis.so.0.4.5
6e630000-6e631000 ---p 00029000 08:11 2365440    /usr/lib/i386-linux-gnu/libvorbis.so.0.4.5
6e631000-6e632000 r--p 00029000 08:11 2365440    /usr/lib/i386-linux-gnu/libvorbis.so.0.4.5
6e632000-6e633000 rw-p 0002a000 08:11 2365440    /usr/lib/i386-linux-gnu/libvorbis.so.0.4.5
6e633000-6e67c000 r-xp 00000000 08:11 554739     /usr/lib/jvm/jdk1.7.0_21/jre/lib/i386/xawt/libmawt.so
6e67c000-6e67f000 rw-p 00048000 08:11 554739     /usr/lib/jvm/jdk1.7.0_21/jre/lib/i386/xawt/libmawt.so
6e67f000-6e680000 ---p 00000000 00:00 0 
6e680000-6e700000 rw-p 00000000 00:00 0          [stack:17026]
6e700000-6e721000 rw-p 00000000 00:00 0 
6e721000-6e800000 ---p 00000000 00:00 0 
6e800000-6e801000 rw-s 10d6e5000 00:05 1197      /dev/dri/card0
6e801000-6e804000 r-xp 00000000 08:11 2364567    /usr/lib/i386-linux-gnu/libxcb-dri2.so.0.0.0
6e804000-6e805000 r--p 00003000 08:11 2364567    /usr/lib/i386-linux-gnu/libxcb-dri2.so.0.0.0
6e805000-6e806000 rw-p 00004000 08:11 2364567    /usr/lib/i386-linux-gnu/libxcb-dri2.so.0.0.0
6e806000-6e808000 r-xp 00000000 08:11 2364583    /usr/lib/i386-linux-gnu/libXdamage.so.1.1.0
6e808000-6e809000 r--p 00001000 08:11 2364583    /usr/lib/i386-linux-gnu/libXdamage.so.1.1.0
6e809000-6e80a000 rw-p 00002000 08:11 2364583    /usr/lib/i386-linux-gnu/libXdamage.so.1.1.0
6e80a000-6e810000 r-xp 00000000 08:11 2365218    /usr/lib/i386-linux-gnu/libogg.so.0.8.0
6e810000-6e811000 r--p 00005000 08:11 2365218    /usr/lib/i386-linux-gnu/libogg.so.0.8.0
6e811000-6e812000 rw-p 00006000 08:11 2365218    /usr/lib/i386-linux-gnu/libogg.so.0.8.0
6e812000-6e817000 r-xp 00000000 08:11 2364652    /usr/lib/i386-linux-gnu/libasyncns.so.0.3.1
6e817000-6e818000 r--p 00004000 08:11 2364652    /usr/lib/i386-linux-gnu/libasyncns.so.0.3.1
6e818000-6e819000 rw-p 00005000 08:11 2364652    /usr/lib/i386-linux-gnu/libasyncns.so.0.3.1
6e819000-6e821000 r-xp 00000000 08:11 263132     /lib/i386-linux-gnu/libwrap.so.0.7.6
6e821000-6e822000 r--p 00007000 08:11 263132     /lib/i386-linux-gnu/libwrap.so.0.7.6
6e822000-6e823000 rw-p 00008000 08:11 263132     /lib/i386-linux-gnu/libwrap.so.0.7.6
6e823000-6e82c000 r-xp 00000000 08:11 2364600    /usr/lib/i386-linux-gnu/libXrandr.so.2.2.0
6e82c000-6e82d000 r--p 00008000 08:11 2364600    /usr/lib/i386-linux-gnu/libXrandr.so.2.2.0
6e82d000-6e82e000 rw-p 00009000 08:11 2364600    /usr/lib/i386-linux-gnu/libXrandr.so.2.2.0
6e82e000-6e831000 ---p 00000000 00:00 0 
6e831000-6e87f000 rw-p 00000000 00:00 0          [stack:17034]
6e87f000-6e880000 ---p 00000000 00:00 0 
6e880000-6e900000 rw-p 00000000 00:00 0          [stack:17025]
6e900000-6e921000 rw-p 00000000 00:00 0 
6e921000-6ea00000 ---p 00000000 00:00 0 
6ea00000-6ea08000 r-xp 00000000 08:11 263021     /lib/i386-linux-gnu/libjson.so.0.1.0
6ea08000-6ea09000 r--p 00007000 08:11 263021     /lib/i386-linux-gnu/libjson.so.0.1.0
6ea09000-6ea0a000 rw-p 00008000 08:11 263021     /lib/i386-linux-gnu/libjson.so.0.1.0
6ea0a000-6ea0f000 r-xp 00000000 08:11 2365481    /usr/lib/i386-linux-gnu/libXfixes.so.3.1.0
6ea0f000-6ea10000 r--p 00004000 08:11 2365481    /usr/lib/i386-linux-gnu/libXfixes.so.3.1.0
6ea10000-6ea11000 rw-p 00005000 08:11 2365481    /usr/lib/i386-linux-gnu/libXfixes.so.3.1.0
6ea11000-6ea2c000 r-xp 00000000 08:11 263006     /lib/i386-linux-gnu/libgcc_s.so.1
6ea2c000-6ea2d000 r--p 0001a000 08:11 263006     /lib/i386-linux-gnu/libgcc_s.so.1
6ea2d000-6ea2e000 rw-p 0001b000 08:11 263006     /lib/i386-linux-gnu/libgcc_s.so.1
6ea2e000-6ea31000 ---p 00000000 00:00 0 
6ea31000-6ea7f000 rw-p 00000000 00:00 0          [stack:17031]
6ea7f000-6ea80000 ---p 00000000 00:00 0 
6ea80000-6eb00000 rw-p 00000000 00:00 0          [stack:17024]
6eb00000-6eb21000 rw-p 00000000 00:00 0 
6eb21000-6ec00000 ---p 00000000 00:00 0 
6ec00000-6ec01000 rw-s 10d6e4000 00:05 1197      /dev/dri/card0
6ec01000-6ec04000 ---p 00000000 00:00 0 
6ec04000-6ec12000 rw-p 00000000 00:00 0          [stack:17045]
6ec12000-6ec19000 r--s 00000000 08:11 2380664    /usr/lib/i386-linux-gnu/gconv/gconv-modules.cache
6ec19000-6ec2d000 r-xp 00000000 08:11 394708     /usr/lib/jvm/jdk1.7.0_21/jre/lib/i386/libnet.so
6ec2d000-6ec2e000 rw-p 00014000 08:11 394708     /usr/lib/jvm/jdk1.7.0_21/jre/lib/i386/libnet.so
6ec2e000-6ec31000 ---p 00000000 00:00 0 
6ec31000-6ec7f000 rw-p 00000000 00:00 0          [stack:17030]
6ec7f000-6ec80000 ---p 00000000 00:00 0 
6ec80000-6ed00000 rw-p 00000000 00:00 0          [stack:17023]
6ed00000-6ed21000 rw-p 00000000 00:00 0 
6ed21000-6ee00000 ---p 00000000 00:00 0 
6ee00000-6ee01000 rwxp 00000000 00:00 0 
6ee01000-6ee0a000 r-xp 00000000 08:11 2364606    /usr/lib/i386-linux-gnu/libXcursor.so.1.0.2
6ee0a000-6ee0b000 r--p 00008000 08:11 2364606    /usr/lib/i386-linux-gnu/libXcursor.so.1.0.2
6ee0b000-6ee0c000 rw-p 00009000 08:11 2364606    /usr/lib/i386-linux-gnu/libXcursor.so.1.0.2
6ee0c000-6ee2c000 r-xp 00000000 08:11 2380912    /usr/lib/i386-linux-gnu/libxcb.so.1.1.0
6ee2c000-6ee2d000 r--p 0001f000 08:11 2380912    /usr/lib/i386-linux-gnu/libxcb.so.1.1.0
6ee2d000-6ee2e000 rw-p 00020000 08:11 2380912    /usr/lib/i386-linux-gnu/libxcb.so.1.1.0
6ee2e000-6ee31000 ---p 00000000 00:00 0 
6ee31000-6ee7f000 rw-p 00000000 00:00 0          [stack:17029]
6ee7f000-6ee80000 ---p 00000000 00:00 0 
6ee80000-6ef00000 rw-p 00000000 00:00 0          [stack:17022]
6ef00000-6ef21000 rw-p 00000000 00:00 0 
6ef21000-6f000000 ---p 00000000 00:00 0 
6f000000-6f001000 rw-s 126d7d000 00:05 1197      /dev/dri/card0
6f001000-6f00b000 r--s 00254000 08:11 3147115    /usr/lib/jvm/jdk1.7.0_21/jre/lib/resources.jar
6f00b000-6f010000 r-xp 00000000 08:11 2364585    /usr/lib/i386-linux-gnu/libXdmcp.so.6.0.0
6f010000-6f011000 r--p 00004000 08:11 2364585    /usr/lib/i386-linux-gnu/libXdmcp.so.6.0.0
6f011000-6f012000 rw-p 00005000 08:11 2364585    /usr/lib/i386-linux-gnu/libXdmcp.so.6.0.0
6f012000-6f020000 r-xp 00000000 08:11 2364580    /usr/lib/i386-linux-gnu/libXi.so.6.1.0
6f020000-6f021000 r--p 0000d000 08:11 2364580    /usr/lib/i386-linux-gnu/libXi.so.6.1.0
6f021000-6f022000 rw-p 0000e000 08:11 2364580    /usr/lib/i386-linux-gnu/libXi.so.6.1.0
6f022000-6f032000 r-xp 00000000 08:11 2364569    /usr/lib/i386-linux-gnu/libXext.so.6.4.0
6f032000-6f033000 r--p 0000f000 08:11 2364569    /usr/lib/i386-linux-gnu/libXext.so.6.4.0
6f033000-6f034000 rw-p 00010000 08:11 2364569    /usr/lib/i386-linux-gnu/libXext.so.6.4.0
6f034000-6f07f000 rw-p 00000000 00:00 0 
6f07f000-6f080000 ---p 00000000 00:00 0 
6f080000-6f100000 rw-p 00000000 00:00 0          [stack:17021]
6f100000-6f121000 rw-p 00000000 00:00 0 
6f121000-6f200000 ---p 00000000 00:00 0 
6f200000-6f201000 rw-s 126d92000 00:05 1197      /dev/dri/card0
6f201000-6f202000 rw-s 126d93000 00:05 1197      /dev/dri/card0
6f202000-6f204000 r-xp 00000000 08:11 2364574    /usr/lib/i386-linux-gnu/libXau.so.6.0.0
6f204000-6f205000 r--p 00001000 08:11 2364574    /usr/lib/i386-linux-gnu/libXau.so.6.0.0
6f205000-6f206000 rw-p 00002000 08:11 2364574    /usr/lib/i386-linux-gnu/libXau.so.6.0.0
6f206000-6f207000 rw-s 126d72000 00:05 1197      /dev/dri/card0
6f207000-6f208000 rw-s 126d71000 00:05 1197      /dev/dri/card0
6f208000-6f20c000 r--s 0008a000 08:11 3147110    /usr/lib/jvm/jdk1.7.0_21/jre/lib/jsse.jar
6f20c000-6f21a000 r-xp 00000000 08:11 394724     /usr/lib/jvm/jdk1.7.0_21/jre/lib/i386/libnio.so
6f21a000-6f21b000 rw-p 0000e000 08:11 394724     /usr/lib/jvm/jdk1.7.0_21/jre/lib/i386/libnio.so
6f21b000-6f234000 r--s 001df000 00:15 2103347    /home/fabien/workspaceJB/jb-desktop/libs/extensions/gdx-tools.jar
6f234000-6f248000 r--s 0014d000 00:15 2103124    /home/fabien/workspaceJB/jb-desktop/libs/gdx-backend-lwjgl.jar
6f248000-6f249000 ---p 00000000 00:00 0 
6f249000-6f2df000 rw-p 00000000 00:00 0          [stack:17020]
6f2df000-6f41f000 rw-p 00000000 00:00 0 
6f41f000-6f427000 rw-p 00000000 00:00 0 
6f427000-6f43f000 rw-p 00000000 00:00 0 
6f43f000-6f455000 rw-p 00000000 00:00 0 
6f455000-6f594000 rw-p 00000000 00:00 0 
6f594000-6f5a1000 rw-p 00000000 00:00 0 
6f5a1000-6f63f000 rw-p 00000000 00:00 0 
6f63f000-70640000 rw-p 00000000 00:00 0 
70640000-73640000 rw-p 00000000 00:00 0 
73640000-760f0000 rw-p 00000000 00:00 0 
760f0000-9e0f0000 rw-p 00000000 00:00 0 
9e0f0000-9fa40000 rw-p 00000000 00:00 0 
9fa40000-b3640000 rw-p 00000000 00:00 0 
b3640000-b3649000 rw-p 00000000 00:00 0 
b3649000-b3700000 rw-p 00000000 00:00 0 
b3700000-b3940000 rwxp 00000000 00:00 0 
b3940000-b67f8000 rw-p 00000000 00:00 0 
b67f8000-b6800000 ---p 00000000 00:00 0 
b6800000-b6801000 rw-s 126d70000 00:05 1197      /dev/dri/card0
b6801000-b6806000 r-xp 00000000 08:11 2364610    /usr/lib/i386-linux-gnu/libXtst.so.6.1.0
b6806000-b6807000 r--p 00004000 08:11 2364610    /usr/lib/i386-linux-gnu/libXtst.so.6.1.0
b6807000-b6808000 rw-p 00005000 08:11 2364610    /usr/lib/i386-linux-gnu/libXtst.so.6.1.0
b6808000-b681a000 r--s 0010a000 00:15 2103107    /home/fabien/workspaceJB/jb/libs/gdx.jar
b681a000-b6822000 rw-p 00000000 00:00 0 
b6822000-b683a000 rw-p 00000000 00:00 0 
b683a000-b6851000 r-xp 00000000 08:11 394711     /usr/lib/jvm/jdk1.7.0_21/jre/lib/i386/libzip.so
b6851000-b6852000 rw-p 00017000 08:11 394711     /usr/lib/jvm/jdk1.7.0_21/jre/lib/i386/libzip.so
b6852000-b685d000 r-xp 00000000 08:11 263463     /lib/i386-linux-gnu/libnss_files-2.17.so
b685d000-b685e000 r--p 0000a000 08:11 263463     /lib/i386-linux-gnu/libnss_files-2.17.so
b685e000-b685f000 rw-p 0000b000 08:11 263463     /lib/i386-linux-gnu/libnss_files-2.17.so
b685f000-b6869000 r-xp 00000000 08:11 263494     /lib/i386-linux-gnu/libnss_nis-2.17.so
b6869000-b686a000 r--p 00009000 08:11 263494     /lib/i386-linux-gnu/libnss_nis-2.17.so
b686a000-b686b000 rw-p 0000a000 08:11 263494     /lib/i386-linux-gnu/libnss_nis-2.17.so
b686b000-b6880000 r-xp 00000000 08:11 263457     /lib/i386-linux-gnu/libnsl-2.17.so
b6880000-b6881000 r--p 00014000 08:11 263457     /lib/i386-linux-gnu/libnsl-2.17.so
b6881000-b6882000 rw-p 00015000 08:11 263457     /lib/i386-linux-gnu/libnsl-2.17.so
b6882000-b6884000 rw-p 00000000 00:00 0 
b6884000-b688b000 r-xp 00000000 08:11 263465     /lib/i386-linux-gnu/libnss_compat-2.17.so
b688b000-b688c000 r--p 00006000 08:11 263465     /lib/i386-linux-gnu/libnss_compat-2.17.so
b688c000-b688d000 rw-p 00007000 08:11 263465     /lib/i386-linux-gnu/libnss_compat-2.17.so
b688d000-b688e000 r-xp 00000000 08:11 2364505    /usr/lib/i386-linux-gnu/libX11-xcb.so.1.0.0
b688e000-b688f000 r--p 00000000 08:11 2364505    /usr/lib/i386-linux-gnu/libX11-xcb.so.1.0.0
b688f000-b6890000 rw-p 00001000 08:11 2364505    /usr/lib/i386-linux-gnu/libX11-xcb.so.1.0.0
b6890000-b6898000 r-xp 00000000 08:11 2364588    /usr/lib/i386-linux-gnu/libXrender.so.1.3.0
b6898000-b6899000 r--p 00008000 08:11 2364588    /usr/lib/i386-linux-gnu/libXrender.so.1.3.0
b6899000-b689a000 rw-p 00009000 08:11 2364588    /usr/lib/i386-linux-gnu/libXrender.so.1.3.0
b689a000-b68a2000 rw-s 00000000 08:11 919334     /tmp/hsperfdata_fabien/17014
b68a2000-b68c5000 r-xp 00000000 08:11 394693     /usr/lib/jvm/jdk1.7.0_21/jre/lib/i386/libjava.so
b68c5000-b68c6000 rw-p 00023000 08:11 394693     /usr/lib/jvm/jdk1.7.0_21/jre/lib/i386/libjava.so
b68c6000-b68cd000 r-xp 00000000 08:11 263492     /lib/i386-linux-gnu/librt-2.17.so
b68cd000-b68ce000 r--p 00006000 08:11 263492     /lib/i386-linux-gnu/librt-2.17.so
b68ce000-b68cf000 rw-p 00007000 08:11 263492     /lib/i386-linux-gnu/librt-2.17.so
b68cf000-b68d2000 ---p 00000000 00:00 0 
b68d2000-b6920000 rw-p 00000000 00:00 0          [stack:17019]
b6920000-b6961000 r-xp 00000000 08:11 263483     /lib/i386-linux-gnu/libm-2.17.so
b6961000-b6962000 r--p 00040000 08:11 263483     /lib/i386-linux-gnu/libm-2.17.so
b6962000-b6963000 rw-p 00041000 08:11 263483     /lib/i386-linux-gnu/libm-2.17.so
b6963000-b711e000 r-xp 00000000 08:11 1048865    /usr/lib/jvm/jdk1.7.0_21/jre/lib/i386/server/libjvm.so
b711e000-b7170000 rw-p 007bb000 08:11 1048865    /usr/lib/jvm/jdk1.7.0_21/jre/lib/i386/server/libjvm.so
b7170000-b7593000 rw-p 00000000 00:00 0 
b7593000-b7741000 r-xp 00000000 08:11 263485     /lib/i386-linux-gnu/libc-2.17.so
b7741000-b7743000 r--p 001ae000 08:11 263485     /lib/i386-linux-gnu/libc-2.17.so
b7743000-b7744000 rw-p 001b0000 08:11 263485     /lib/i386-linux-gnu/libc-2.17.so
b7744000-b7747000 rw-p 00000000 00:00 0 
b7747000-b774a000 r-xp 00000000 08:11 263629     /lib/i386-linux-gnu/libdl-2.17.so
b774a000-b774b000 r--p 00002000 08:11 263629     /lib/i386-linux-gnu/libdl-2.17.so
b774b000-b774c000 rw-p 00003000 08:11 263629     /lib/i386-linux-gnu/libdl-2.17.so
b774c000-b775f000 r-xp 00000000 08:11 1048869    /usr/lib/jvm/jdk1.7.0_21/jre/lib/i386/jli/libjli.so
b775f000-b7760000 rw-p 00012000 08:11 1048869    /usr/lib/jvm/jdk1.7.0_21/jre/lib/i386/jli/libjli.so
b7760000-b7761000 rw-p 00000000 00:00 0 
b7761000-b7778000 r-xp 00000000 08:11 263476     /lib/i386-linux-gnu/libpthread-2.17.so
b7778000-b7779000 r--p 00016000 08:11 263476     /lib/i386-linux-gnu/libpthread-2.17.so
b7779000-b777a000 rw-p 00017000 08:11 263476     /lib/i386-linux-gnu/libpthread-2.17.so
b777a000-b777c000 rw-p 00000000 00:00 0 
b777c000-b777d000 r-xp 00000000 08:11 394742     /usr/lib/jvm/jdk1.7.0_21/jre/lib/i386/libjawt.so
b777d000-b777e000 rw-p 00000000 08:11 394742     /usr/lib/jvm/jdk1.7.0_21/jre/lib/i386/libjawt.so
b777e000-b777f000 r--s 00002000 00:15 2103344    /home/fabien/workspaceJB/jb-desktop/libs/extensions/gdx-tiled-preprocessor.jar
b777f000-b7780000 r--s 0011b000 00:15 2103121    /home/fabien/workspaceJB/jb-desktop/libs/gdx-natives.jar
b7780000-b7781000 r--s 00162000 00:15 2103122    /home/fabien/workspaceJB/jb-desktop/libs/gdx-backend-lwjgl-natives.jar
b7781000-b7782000 r--p 005e0000 08:11 2368157    /usr/lib/locale/locale-archive
b7782000-b7783000 r--p 00858000 08:11 2368157    /usr/lib/locale/locale-archive
b7783000-b7784000 rw-p 00000000 00:00 0 
b7784000-b7785000 r--p 00000000 00:00 0 
b7785000-b7790000 r-xp 00000000 08:11 394728     /usr/lib/jvm/jdk1.7.0_21/jre/lib/i386/libverify.so
b7790000-b7791000 rw-p 0000b000 08:11 394728     /usr/lib/jvm/jdk1.7.0_21/jre/lib/i386/libverify.so
b7791000-b7793000 rw-p 00000000 00:00 0 
b7793000-b7794000 r-xp 00000000 00:00 0          [vdso]
b7794000-b77b4000 r-xp 00000000 08:11 263490     /lib/i386-linux-gnu/ld-2.17.so
b77b4000-b77b5000 r--p 0001f000 08:11 263490     /lib/i386-linux-gnu/ld-2.17.so
b77b5000-b77b6000 rw-p 00020000 08:11 263490     /lib/i386-linux-gnu/ld-2.17.so
bfd83000-bfda5000 rw-p 00000000 00:00 0          [stack]

VM Arguments:
jvm_args: -Dfile.encoding=UTF-8 
java_command: com.pokware.jb.Main
Launcher Type: SUN_STANDARD

Environment Variables:
JAVA_HOME=/usr/lib/jvm/jdk1.7.0_21
PATH=/usr/lib/jvm/jdk1.7.0_21/bin:/home/fabien/bin:/usr/local/sbin:/usr/local/bin:/usr/sbin:/usr/bin:/sbin:/bin:/usr/games:/usr/local/games:/home/fabien/lib/apache-maven-3.0.5/bin
USERNAME=fabien
LD_LIBRARY_PATH=/usr/lib/jvm/jdk1.7.0_21/jre/lib/i386/server:/usr/lib/jvm/jdk1.7.0_21/jre/lib/i386:/usr/lib/jvm/jdk1.7.0_21/jre/../lib/i386:/usr/lib/jvm/jdk1.7.0_21/jre/lib/i386/client:/usr/lib/jvm/jdk1.7.0_21/jre/lib/i386:
SHELL=/bin/bash
DISPLAY=:0.0

Signal Handlers:
SIGSEGV: [libjvm.so+0x722ea0], sa_mask[0]=0x7ffbfeff, sa_flags=0x10000004
SIGBUS: [libjvm.so+0x722ea0], sa_mask[0]=0x7ffbfeff, sa_flags=0x10000004
SIGFPE: [libjvm.so+0x5dbc80], sa_mask[0]=0x7ffbfeff, sa_flags=0x10000004
SIGPIPE: [libjvm.so+0x5dbc80], sa_mask[0]=0x7ffbfeff, sa_flags=0x10000004
SIGXFSZ: [libjvm.so+0x5dbc80], sa_mask[0]=0x7ffbfeff, sa_flags=0x10000004
SIGILL: [libjvm.so+0x5dbc80], sa_mask[0]=0x7ffbfeff, sa_flags=0x10000004
SIGUSR1: SIG_DFL, sa_mask[0]=0x00000000, sa_flags=0x00000000
SIGUSR2: [libjvm.so+0x5db560], sa_mask[0]=0x00000004, sa_flags=0x10000004
SIGHUP: [libjvm.so+0x5ddb50], sa_mask[0]=0x7ffbfeff, sa_flags=0x10000004
SIGINT: SIG_IGN, sa_mask[0]=0x00000000, sa_flags=0x00000000
SIGTERM: [libjvm.so+0x5ddb50], sa_mask[0]=0x7ffbfeff, sa_flags=0x10000004
SIGQUIT: [libjvm.so+0x5ddb50], sa_mask[0]=0x7ffbfeff, sa_flags=0x10000004


---------------  S Y S T E M  ---------------

OS:wheezy/sid

uname:Linux 3.8.0-32-generic #47-Ubuntu SMP Tue Oct 1 21:36:40 UTC 2013 i686
libc:glibc 2.17 NPTL 2.17 
rlimit: STACK 8192k, CORE 0k, NPROC 48168, NOFILE 4096, AS infinity
load average:0,37 0,27 0,31

/proc/meminfo:
MemTotal:        6198076 kB
MemFree:         1707156 kB
Buffers:          240476 kB
Cached:          2538008 kB
SwapCached:            0 kB
Active:          2488308 kB
Inactive:        1755660 kB
Active(anon):    1477452 kB
Inactive(anon):    18804 kB
Active(file):    1010856 kB
Inactive(file):  1736856 kB
Unevictable:          32 kB
Mlocked:              32 kB
HighTotal:       5368328 kB
HighFree:        1293032 kB
LowTotal:         829748 kB
LowFree:          414124 kB
SwapTotal:       6855676 kB
SwapFree:        6855676 kB
Dirty:               956 kB
Writeback:             0 kB
AnonPages:       1466148 kB
Mapped:           198992 kB
Shmem:             30752 kB
Slab:             151840 kB
SReclaimable:     104420 kB
SUnreclaim:        47420 kB
KernelStack:        4744 kB
PageTables:        17176 kB
NFS_Unstable:          0 kB
Bounce:                0 kB
WritebackTmp:          0 kB
CommitLimit:     9954712 kB
Committed_AS:    4106772 kB
VmallocTotal:     122880 kB
VmallocUsed:       22556 kB
VmallocChunk:      92996 kB
HardwareCorrupted:     0 kB
AnonHugePages:         0 kB
HugePages_Total:       0
HugePages_Free:        0
HugePages_Rsvd:        0
HugePages_Surp:        0
Hugepagesize:       2048 kB
DirectMap4k:        8184 kB
DirectMap2M:      905216 kB


CPU:total 8 (4 cores per cpu, 2 threads per core) family 6 model 26 stepping 4, cmov, cx8, fxsr, mmx, sse, sse2, sse3, ssse3, sse4.1, sse4.2, popcnt, ht, tsc, tscinvbit, tscinv

/proc/cpuinfo:
processor	: 0
vendor_id	: GenuineIntel
cpu family	: 6
model		: 26
model name	: Intel(R) Core(TM) i7 CPU         920  @ 2.67GHz
stepping	: 4
microcode	: 0x10
cpu MHz		: 1600.000
cache size	: 8192 KB
physical id	: 0
siblings	: 8
core id		: 0
cpu cores	: 4
apicid		: 0
initial apicid	: 0
fdiv_bug	: no
hlt_bug		: no
f00f_bug	: no
coma_bug	: no
fpu		: yes
fpu_exception	: yes
cpuid level	: 11
wp		: yes
flags		: fpu vme de pse tsc msr pae mce cx8 apic sep mtrr pge mca cmov pat pse36 clflush dts acpi mmx fxsr sse sse2 ss ht tm pbe nx rdtscp lm constant_tsc arch_perfmon pebs bts xtopology nonstop_tsc aperfmperf pni dtes64 monitor ds_cpl vmx est tm2 ssse3 cx16 xtpr pdcm sse4_1 sse4_2 popcnt lahf_lm ida dtherm tpr_shadow vnmi flexpriority ept vpid
bogomips	: 5345.77
clflush size	: 64
cache_alignment	: 64
address sizes	: 36 bits physical, 48 bits virtual
power management:

processor	: 1
vendor_id	: GenuineIntel
cpu family	: 6
model		: 26
model name	: Intel(R) Core(TM) i7 CPU         920  @ 2.67GHz
stepping	: 4
microcode	: 0x10
cpu MHz		: 1600.000
cache size	: 8192 KB
physical id	: 0
siblings	: 8
core id		: 1
cpu cores	: 4
apicid		: 2
initial apicid	: 2
fdiv_bug	: no
hlt_bug		: no
f00f_bug	: no
coma_bug	: no
fpu		: yes
fpu_exception	: yes
cpuid level	: 11
wp		: yes
flags		: fpu vme de pse tsc msr pae mce cx8 apic sep mtrr pge mca cmov pat pse36 clflush dts acpi mmx fxsr sse sse2 ss ht tm pbe nx rdtscp lm constant_tsc arch_perfmon pebs bts xtopology nonstop_tsc aperfmperf pni dtes64 monitor ds_cpl vmx est tm2 ssse3 cx16 xtpr pdcm sse4_1 sse4_2 popcnt lahf_lm ida dtherm tpr_shadow vnmi flexpriority ept vpid
bogomips	: 5345.77
clflush size	: 64
cache_alignment	: 64
address sizes	: 36 bits physical, 48 bits virtual
power management:

processor	: 2
vendor_id	: GenuineIntel
cpu family	: 6
model		: 26
model name	: Intel(R) Core(TM) i7 CPU         920  @ 2.67GHz
stepping	: 4
microcode	: 0x10
cpu MHz		: 1600.000
cache size	: 8192 KB
physical id	: 0
siblings	: 8
core id		: 2
cpu cores	: 4
apicid		: 4
initial apicid	: 4
fdiv_bug	: no
hlt_bug		: no
f00f_bug	: no
coma_bug	: no
fpu		: yes
fpu_exception	: yes
cpuid level	: 11
wp		: yes
flags		: fpu vme de pse tsc msr pae mce cx8 apic sep mtrr pge mca cmov pat pse36 clflush dts acpi mmx fxsr sse sse2 ss ht tm pbe nx rdtscp lm constant_tsc arch_perfmon pebs bts xtopology nonstop_tsc aperfmperf pni dtes64 monitor ds_cpl vmx est tm2 ssse3 cx16 xtpr pdcm sse4_1 sse4_2 popcnt lahf_lm ida dtherm tpr_shadow vnmi flexpriority ept vpid
bogomips	: 5345.77
clflush size	: 64
cache_alignment	: 64
address sizes	: 36 bits physical, 48 bits virtual
power management:

processor	: 3
vendor_id	: GenuineIntel
cpu family	: 6
model		: 26
model name	: Intel(R) Core(TM) i7 CPU         920  @ 2.67GHz
stepping	: 4
microcode	: 0x10
cpu MHz		: 2668.000
cache size	: 8192 KB
physical id	: 0
siblings	: 8
core id		: 3
cpu cores	: 4
apicid		: 6
initial apicid	: 6
fdiv_bug	: no
hlt_bug		: no
f00f_bug	: no
coma_bug	: no
fpu		: yes
fpu_exception	: yes
cpuid level	: 11
wp		: yes
flags		: fpu vme de pse tsc msr pae mce cx8 apic sep mtrr pge mca cmov pat pse36 clflush dts acpi mmx fxsr sse sse2 ss ht tm pbe nx rdtscp lm constant_tsc arch_perfmon pebs bts xtopology nonstop_tsc aperfmperf pni dtes64 monitor ds_cpl vmx est tm2 ssse3 cx16 xtpr pdcm sse4_1 sse4_2 popcnt lahf_lm ida dtherm tpr_shadow vnmi flexpriority ept vpid
bogomips	: 5345.77
clflush size	: 64
cache_alignment	: 64
address sizes	: 36 bits physical, 48 bits virtual
power management:

processor	: 4
vendor_id	: GenuineIntel
cpu family	: 6
model		: 26
model name	: Intel(R) Core(TM) i7 CPU         920  @ 2.67GHz
stepping	: 4
microcode	: 0x10
cpu MHz		: 1600.000
cache size	: 8192 KB
physical id	: 0
siblings	: 8
core id		: 0
cpu cores	: 4
apicid		: 1
initial apicid	: 1
fdiv_bug	: no
hlt_bug		: no
f00f_bug	: no
coma_bug	: no
fpu		: yes
fpu_exception	: yes
cpuid level	: 11
wp		: yes
flags		: fpu vme de pse tsc msr pae mce cx8 apic sep mtrr pge mca cmov pat pse36 clflush dts acpi mmx fxsr sse sse2 ss ht tm pbe nx rdtscp lm constant_tsc arch_perfmon pebs bts xtopology nonstop_tsc aperfmperf pni dtes64 monitor ds_cpl vmx est tm2 ssse3 cx16 xtpr pdcm sse4_1 sse4_2 popcnt lahf_lm ida dtherm tpr_shadow vnmi flexpriority ept vpid
bogomips	: 5345.77
clflush size	: 64
cache_alignment	: 64
address sizes	: 36 bits physical, 48 bits virtual
power management:

processor	: 5
vendor_id	: GenuineIntel
cpu family	: 6
model		: 26
model name	: Intel(R) Core(TM) i7 CPU         920  @ 2.67GHz
stepping	: 4
microcode	: 0x10
cpu MHz		: 1600.000
cache size	: 8192 KB
physical id	: 0
siblings	: 8
core id		: 1
cpu cores	: 4
apicid		: 3
initial apicid	: 3
fdiv_bug	: no
hlt_bug		: no
f00f_bug	: no
coma_bug	: no
fpu		: yes
fpu_exception	: yes
cpuid level	: 11
wp		: yes
flags		: fpu vme de pse tsc msr pae mce cx8 apic sep mtrr pge mca cmov pat pse36 clflush dts acpi mmx fxsr sse sse2 ss ht tm pbe nx rdtscp lm constant_tsc arch_perfmon pebs bts xtopology nonstop_tsc aperfmperf pni dtes64 monitor ds_cpl vmx est tm2 ssse3 cx16 xtpr pdcm sse4_1 sse4_2 popcnt lahf_lm ida dtherm tpr_shadow vnmi flexpriority ept vpid
bogomips	: 5345.77
clflush size	: 64
cache_alignment	: 64
address sizes	: 36 bits physical, 48 bits virtual
power management:

processor	: 6
vendor_id	: GenuineIntel
cpu family	: 6
model		: 26
model name	: Intel(R) Core(TM) i7 CPU         920  @ 2.67GHz
stepping	: 4
microcode	: 0x10
cpu MHz		: 1600.000
cache size	: 8192 KB
physical id	: 0
siblings	: 8
core id		: 2
cpu cores	: 4
apicid		: 5
initial apicid	: 5
fdiv_bug	: no
hlt_bug		: no
f00f_bug	: no
coma_bug	: no
fpu		: yes
fpu_exception	: yes
cpuid level	: 11
wp		: yes
flags		: fpu vme de pse tsc msr pae mce cx8 apic sep mtrr pge mca cmov pat pse36 clflush dts acpi mmx fxsr sse sse2 ss ht tm pbe nx rdtscp lm constant_tsc arch_perfmon pebs bts xtopology nonstop_tsc aperfmperf pni dtes64 monitor ds_cpl vmx est tm2 ssse3 cx16 xtpr pdcm sse4_1 sse4_2 popcnt lahf_lm ida dtherm tpr_shadow vnmi flexpriority ept vpid
bogomips	: 5345.77
clflush size	: 64
cache_alignment	: 64
address sizes	: 36 bits physical, 48 bits virtual
power management:

processor	: 7
vendor_id	: GenuineIntel
cpu family	: 6
model		: 26
model name	: Intel(R) Core(TM) i7 CPU         920  @ 2.67GHz
stepping	: 4
microcode	: 0x10
cpu MHz		: 2668.000
cache size	: 8192 KB
physical id	: 0
siblings	: 8
core id		: 3
cpu cores	: 4
apicid		: 7
initial apicid	: 7
fdiv_bug	: no
hlt_bug		: no
f00f_bug	: no
coma_bug	: no
fpu		: yes
fpu_exception	: yes
cpuid level	: 11
wp		: yes
flags		: fpu vme de pse tsc msr pae mce cx8 apic sep mtrr pge mca cmov pat pse36 clflush dts acpi mmx fxsr sse sse2 ss ht tm pbe nx rdtscp lm constant_tsc arch_perfmon pebs bts xtopology nonstop_tsc aperfmperf pni dtes64 monitor ds_cpl vmx est tm2 ssse3 cx16 xtpr pdcm sse4_1 sse4_2 popcnt lahf_lm ida dtherm tpr_shadow vnmi flexpriority ept vpid
bogomips	: 5345.77
clflush size	: 64
cache_alignment	: 64
address sizes	: 36 bits physical, 48 bits virtual
power management:



Memory: 4k page, physical 6198076k(1707156k free), swap 6855676k(6855676k free)

vm_info: Java HotSpot(TM) Server VM (23.21-b01) for linux-x86 JRE (1.7.0_21-b11), built on Apr  4 2013 04:20:11 by "java_re" with gcc 4.3.0 20080428 (Red Hat 4.3.0-8)

time: Tue Nov 12 19:15:19 2013
elapsed time: 3 seconds

